Sep 18, 2014 3:00:43 PM org.apache.catalina.core.AprLifecycleListener lifecycleEvent
INFO: The Apache Tomcat Native library which allows optimal performance in production environments was not found on the java.library.path: /usr/java/jdk1.6.0_18/jre/lib/amd64/server:/usr/java/jdk1.6.0_18/jre/lib/amd64:/usr/java/jdk1.6.0_18/jre/../lib/amd64:/usr/java/packages/lib/amd64:/usr/lib64:/lib64:/lib:/usr/lib
Sep 18, 2014 3:00:43 PM org.apache.coyote.http11.Http11BaseProtocol init
INFO: Initializing Coyote HTTP/1.1 on http-8181
Sep 18, 2014 3:00:43 PM org.apache.catalina.startup.Catalina load
INFO: Initialization processed in 1515 ms
Sep 18, 2014 3:00:43 PM org.apache.catalina.core.StandardService start
INFO: Starting service Catalina
Sep 18, 2014 3:00:43 PM org.apache.catalina.core.StandardEngine start
INFO: Starting Servlet Engine: Apache Tomcat/5.5.25
Sep 18, 2014 3:00:43 PM org.apache.catalina.core.StandardHost start
INFO: XML validation disabled
Sep 18, 2014 3:00:44 PM org.apache.catalina.startup.HostConfig deployWAR
INFO: Deploying web application archive openreports.war
Sep 18, 2014 3:00:48 PM org.apache.catalina.core.StandardContext start
SEVERE: Error listenerStart
Sep 18, 2014 3:00:48 PM org.apache.catalina.core.StandardContext start
SEVERE: Context [/openreports] startup failed due to previous errors
Sep 18, 2014 3:00:48 PM org.apache.coyote.http11.Http11BaseProtocol start
INFO: Starting Coyote HTTP/1.1 on http-8181
Sep 18, 2014 3:00:48 PM org.apache.jk.common.ChannelSocket init
INFO: JK: ajp13 listening on /0.0.0.0:8009
Sep 18, 2014 3:00:48 PM org.apache.jk.server.JkMain start
INFO: Jk running ID=0 time=0/11  config=null
Sep 18, 2014 3:00:48 PM org.apache.catalina.storeconfig.StoreLoader load
INFO: Find registry server-registry.xml at classpath resource
Sep 18, 2014 3:00:48 PM org.apache.catalina.startup.Catalina start
INFO: Server startup in 4966 ms
Sep 18, 2014 3:01:13 PM org.apache.coyote.http11.Http11BaseProtocol pause
INFO: Pausing Coyote HTTP/1.1 on http-8181
Sep 18, 2014 3:01:14 PM org.apache.catalina.core.StandardService stop
INFO: Stopping service Catalina
Sep 18, 2014 3:01:14 PM org.apache.coyote.http11.Http11BaseProtocol destroy
INFO: Stopping Coyote HTTP/1.1 on http-8181
Sep 18, 2014 3:01:14 PM org.apache.catalina.core.AprLifecycleListener lifecycleEvent
INFO: Failed shutdown of Apache Portable Runtime
Sep 18, 2014 3:02:30 PM org.apache.catalina.core.AprLifecycleListener lifecycleEvent
INFO: The Apache Tomcat Native library which allows optimal performance in production environments was not found on the java.library.path: /usr/java/jdk1.6.0_18/jre/lib/amd64/server:/usr/java/jdk1.6.0_18/jre/lib/amd64:/usr/java/jdk1.6.0_18/jre/../lib/amd64:/usr/java/packages/lib/amd64:/usr/lib64:/lib64:/lib:/usr/lib
Sep 18, 2014 3:02:30 PM org.apache.coyote.http11.Http11BaseProtocol init
INFO: Initializing Coyote HTTP/1.1 on http-8181
Sep 18, 2014 3:02:30 PM org.apache.catalina.startup.Catalina load
INFO: Initialization processed in 683 ms
Sep 18, 2014 3:02:30 PM org.apache.catalina.core.StandardService start
INFO: Starting service Catalina
Sep 18, 2014 3:02:30 PM org.apache.catalina.core.StandardEngine start
INFO: Starting Servlet Engine: Apache Tomcat/5.5.25
Sep 18, 2014 3:02:30 PM org.apache.catalina.core.StandardHost start
INFO: XML validation disabled
Sep 18, 2014 3:02:31 PM org.apache.catalina.startup.HostConfig deployWAR
INFO: Deploying web application archive openreports.war
Sep 18, 2014 3:02:37 PM org.eclipse.birt.report.engine.api.impl.ReportEngine <init>
FINE: ReportEngine created. EngineConfig: EngineConfig: org.eclipse.birt.report.engine.api.EngineConfig.scriptObjects={};BIRT_HOME=;logLevel=ALL;PLATFORM_CONTEXT=org.eclipse.birt.core.framework.PlatformServletContext@47662250;org.eclipse.birt.report.engine.api.EngineConfig.emitterConfigs={html=org.eclipse.birt.report.engine.api.HTMLRenderOption@256d6cf};logDest=<null>; 
Sep 18, 2014 3:02:37 PM org.eclipse.birt.report.engine.extension.internal.ExtensionManager getExtensions
FINE: Start load extension point: org.eclipse.birt.report.engine.reportitemGeneration
Sep 18, 2014 3:02:37 PM org.eclipse.birt.report.engine.extension.internal.ExtensionManager loadGenerationExtensionDefns
FINE: Load generation extension: Chart
Sep 18, 2014 3:02:37 PM org.eclipse.birt.report.engine.extension.internal.ExtensionManager getExtensions
FINE: Start load extension point: org.eclipse.birt.report.engine.reportitemPresentation
Sep 18, 2014 3:02:37 PM org.eclipse.birt.report.engine.extension.internal.ExtensionManager loadPresentationExtensionDefns
FINE: Load prsentation extension: Chart
Sep 18, 2014 3:02:37 PM org.eclipse.birt.report.engine.extension.internal.ExtensionManager getExtensions
FINE: Start load extension point: org.eclipse.birt.report.engine.reportitemQuery
Sep 18, 2014 3:02:37 PM org.eclipse.birt.report.engine.extension.internal.ExtensionManager loadQueryExtensionDefns
FINE: Load query extension: Chart
Sep 18, 2014 3:02:37 PM org.eclipse.birt.report.engine.extension.internal.ExtensionManager getExtensions
FINE: Start load extension point: org.eclipse.birt.report.engine.emitters
Sep 18, 2014 3:02:37 PM org.eclipse.birt.report.engine.extension.internal.ExtensionManager loadEmitterExtensionDefns
FINE: Load ppt emitter org.eclipse.birt.report.engine.emitter.ppt
Sep 18, 2014 3:02:37 PM org.eclipse.birt.report.engine.extension.internal.ExtensionManager loadEmitterExtensionDefns
FINE: Load xls emitter org.eclipse.birt.report.engine.emitter.prototype.excel
Sep 18, 2014 3:02:37 PM org.eclipse.birt.report.engine.extension.internal.ExtensionManager loadEmitterExtensionDefns
FINE: Load doc emitter org.eclipse.birt.report.engine.emitter.word
Sep 18, 2014 3:02:37 PM org.eclipse.birt.report.engine.extension.internal.ExtensionManager loadEmitterExtensionDefns
FINE: Load postscript emitter org.eclipse.birt.report.engine.emitter.postscript
Sep 18, 2014 3:02:37 PM org.eclipse.birt.report.engine.extension.internal.ExtensionManager loadEmitterExtensionDefns
FINE: Load pdf emitter org.eclipse.birt.report.engine.emitter.pdf
Sep 18, 2014 3:02:37 PM org.eclipse.birt.report.engine.extension.internal.ExtensionManager loadEmitterExtensionDefns
FINE: Load html emitter org.eclipse.birt.report.engine.emitter.html
Sep 18, 2014 3:02:37 PM org.eclipse.birt.report.engine.extension.internal.ExtensionManager getExtensions
FINE: Start load extension point: org.eclipse.birt.report.engine.reportEventHandler
Sep 18, 2014 3:02:37 PM org.eclipse.birt.report.engine.extension.internal.ExtensionManager getExtensions
FINE: Start load extension point: org.eclipse.birt.report.engine.reportItemPreparation
Sep 18, 2014 3:02:37 PM org.eclipse.birt.report.engine.extension.internal.ExtensionManager getExtensions
FINE: Start load extension point: org.eclipse.birt.report.engine.dataExtraction
Sep 18, 2014 3:02:37 PM org.eclipse.birt.report.engine.extension.internal.ExtensionManager loadDataExtractionExtensions
FINE: Load data extraction extension: org.eclipse.birt.report.engine.dataextraction.csv
Sep 18, 2014 3:02:37 PM org.eclipse.birt.report.engine.extension.internal.ExtensionManager getExtensions
FINE: Start load extension point: org.eclipse.birt.report.engine.extendedItemFactory
Sep 18, 2014 3:02:37 PM org.eclipse.birt.report.engine.extension.internal.ExtensionManager loadExtendedItems
FINE: Load extendedItem extension: Crosstab
Sep 18, 2014 3:02:37 PM org.eclipse.birt.report.engine.extension.internal.ExtensionManager loadExtendedItems
FINE: Load extendedItem extension: CrosstabCell
Sep 18, 2014 3:02:37 PM org.eclipse.birt.report.engine.extension.internal.ExtensionManager loadExtendedItems
FINE: Load extendedItem extension: AggregationCell
Sep 18, 2014 3:02:38 PM org.apache.coyote.http11.Http11BaseProtocol start
INFO: Starting Coyote HTTP/1.1 on http-8181
Sep 18, 2014 3:02:38 PM org.apache.jk.common.ChannelSocket init
INFO: JK: ajp13 listening on /0.0.0.0:8009
Sep 18, 2014 3:02:38 PM org.apache.jk.server.JkMain start
INFO: Jk running ID=0 time=0/31  config=null
Sep 18, 2014 3:02:38 PM org.apache.catalina.storeconfig.StoreLoader load
INFO: Find registry server-registry.xml at classpath resource
Sep 18, 2014 3:02:38 PM org.apache.catalina.startup.Catalina start
INFO: Server startup in 8116 ms
Sep 18, 2014 3:05:25 PM org.apache.coyote.http11.Http11BaseProtocol pause
INFO: Pausing Coyote HTTP/1.1 on http-8181
Sep 18, 2014 3:05:26 PM org.apache.catalina.core.StandardService stop
INFO: Stopping service Catalina
Sep 18, 2014 3:05:32 PM org.apache.coyote.http11.Http11BaseProtocol destroy
INFO: Stopping Coyote HTTP/1.1 on http-8181
Sep 18, 2014 3:05:32 PM org.apache.catalina.core.AprLifecycleListener lifecycleEvent
INFO: Failed shutdown of Apache Portable Runtime
Sep 18, 2014 3:05:39 PM org.apache.catalina.core.AprLifecycleListener lifecycleEvent
INFO: The Apache Tomcat Native library which allows optimal performance in production environments was not found on the java.library.path: /usr/java/jdk1.6.0_18/jre/lib/amd64/server:/usr/java/jdk1.6.0_18/jre/lib/amd64:/usr/java/jdk1.6.0_18/jre/../lib/amd64:/usr/java/packages/lib/amd64:/usr/lib64:/lib64:/lib:/usr/lib
Sep 18, 2014 3:05:39 PM org.apache.coyote.http11.Http11BaseProtocol init
INFO: Initializing Coyote HTTP/1.1 on http-8181
Sep 18, 2014 3:05:39 PM org.apache.catalina.startup.Catalina load
INFO: Initialization processed in 543 ms
Sep 18, 2014 3:05:39 PM org.apache.catalina.core.StandardService start
INFO: Starting service Catalina
Sep 18, 2014 3:05:39 PM org.apache.catalina.core.StandardEngine start
INFO: Starting Servlet Engine: Apache Tomcat/5.5.25
Sep 18, 2014 3:05:39 PM org.apache.catalina.core.StandardHost start
INFO: XML validation disabled
Sep 18, 2014 3:05:40 PM org.apache.catalina.startup.HostConfig deployWAR
INFO: Deploying web application archive openreports.war
Sep 18, 2014 3:05:45 PM org.eclipse.birt.report.engine.api.impl.ReportEngine <init>
FINE: ReportEngine created. EngineConfig: EngineConfig: org.eclipse.birt.report.engine.api.EngineConfig.scriptObjects={};BIRT_HOME=;logLevel=ALL;PLATFORM_CONTEXT=org.eclipse.birt.core.framework.PlatformServletContext@7eedec92;org.eclipse.birt.report.engine.api.EngineConfig.emitterConfigs={html=org.eclipse.birt.report.engine.api.HTMLRenderOption@3646a658};logDest=<null>; 
Sep 18, 2014 3:05:45 PM org.eclipse.birt.report.engine.extension.internal.ExtensionManager getExtensions
FINE: Start load extension point: org.eclipse.birt.report.engine.reportitemGeneration
Sep 18, 2014 3:05:45 PM org.eclipse.birt.report.engine.extension.internal.ExtensionManager loadGenerationExtensionDefns
FINE: Load generation extension: Chart
Sep 18, 2014 3:05:45 PM org.eclipse.birt.report.engine.extension.internal.ExtensionManager getExtensions
FINE: Start load extension point: org.eclipse.birt.report.engine.reportitemPresentation
Sep 18, 2014 3:05:45 PM org.eclipse.birt.report.engine.extension.internal.ExtensionManager loadPresentationExtensionDefns
FINE: Load prsentation extension: Chart
Sep 18, 2014 3:05:45 PM org.eclipse.birt.report.engine.extension.internal.ExtensionManager getExtensions
FINE: Start load extension point: org.eclipse.birt.report.engine.reportitemQuery
Sep 18, 2014 3:05:45 PM org.eclipse.birt.report.engine.extension.internal.ExtensionManager loadQueryExtensionDefns
FINE: Load query extension: Chart
Sep 18, 2014 3:05:45 PM org.eclipse.birt.report.engine.extension.internal.ExtensionManager getExtensions
FINE: Start load extension point: org.eclipse.birt.report.engine.emitters
Sep 18, 2014 3:05:45 PM org.eclipse.birt.report.engine.extension.internal.ExtensionManager loadEmitterExtensionDefns
FINE: Load ppt emitter org.eclipse.birt.report.engine.emitter.ppt
Sep 18, 2014 3:05:45 PM org.eclipse.birt.report.engine.extension.internal.ExtensionManager loadEmitterExtensionDefns
FINE: Load xls emitter org.eclipse.birt.report.engine.emitter.prototype.excel
Sep 18, 2014 3:05:45 PM org.eclipse.birt.report.engine.extension.internal.ExtensionManager loadEmitterExtensionDefns
FINE: Load doc emitter org.eclipse.birt.report.engine.emitter.word
Sep 18, 2014 3:05:45 PM org.eclipse.birt.report.engine.extension.internal.ExtensionManager loadEmitterExtensionDefns
FINE: Load postscript emitter org.eclipse.birt.report.engine.emitter.postscript
Sep 18, 2014 3:05:45 PM org.eclipse.birt.report.engine.extension.internal.ExtensionManager loadEmitterExtensionDefns
FINE: Load pdf emitter org.eclipse.birt.report.engine.emitter.pdf
Sep 18, 2014 3:05:45 PM org.eclipse.birt.report.engine.extension.internal.ExtensionManager loadEmitterExtensionDefns
FINE: Load html emitter org.eclipse.birt.report.engine.emitter.html
Sep 18, 2014 3:05:45 PM org.eclipse.birt.report.engine.extension.internal.ExtensionManager getExtensions
FINE: Start load extension point: org.eclipse.birt.report.engine.reportEventHandler
Sep 18, 2014 3:05:45 PM org.eclipse.birt.report.engine.extension.internal.ExtensionManager getExtensions
FINE: Start load extension point: org.eclipse.birt.report.engine.reportItemPreparation
Sep 18, 2014 3:05:45 PM org.eclipse.birt.report.engine.extension.internal.ExtensionManager getExtensions
FINE: Start load extension point: org.eclipse.birt.report.engine.dataExtraction
Sep 18, 2014 3:05:45 PM org.eclipse.birt.report.engine.extension.internal.ExtensionManager loadDataExtractionExtensions
FINE: Load data extraction extension: org.eclipse.birt.report.engine.dataextraction.csv
Sep 18, 2014 3:05:45 PM org.eclipse.birt.report.engine.extension.internal.ExtensionManager getExtensions
FINE: Start load extension point: org.eclipse.birt.report.engine.extendedItemFactory
Sep 18, 2014 3:05:45 PM org.eclipse.birt.report.engine.extension.internal.ExtensionManager loadExtendedItems
FINE: Load extendedItem extension: Crosstab
Sep 18, 2014 3:05:45 PM org.eclipse.birt.report.engine.extension.internal.ExtensionManager loadExtendedItems
FINE: Load extendedItem extension: CrosstabCell
Sep 18, 2014 3:05:45 PM org.eclipse.birt.report.engine.extension.internal.ExtensionManager loadExtendedItems
FINE: Load extendedItem extension: AggregationCell
Sep 18, 2014 3:05:46 PM org.apache.coyote.http11.Http11BaseProtocol start
INFO: Starting Coyote HTTP/1.1 on http-8181
Sep 18, 2014 3:05:46 PM org.apache.jk.common.ChannelSocket init
INFO: JK: ajp13 listening on /0.0.0.0:8009
Sep 18, 2014 3:05:47 PM org.apache.jk.server.JkMain start
INFO: Jk running ID=0 time=0/32  config=null
Sep 18, 2014 3:05:47 PM org.apache.catalina.storeconfig.StoreLoader load
INFO: Find registry server-registry.xml at classpath resource
Sep 18, 2014 3:05:47 PM org.apache.catalina.startup.Catalina start
INFO: Server startup in 7491 ms
Sep 18, 2014 3:19:31 PM org.apache.coyote.http11.Http11BaseProtocol pause
INFO: Pausing Coyote HTTP/1.1 on http-8181
Sep 18, 2014 3:19:32 PM org.apache.catalina.core.StandardService stop
INFO: Stopping service Catalina
Sep 18, 2014 3:19:38 PM org.apache.coyote.http11.Http11BaseProtocol destroy
INFO: Stopping Coyote HTTP/1.1 on http-8181
Sep 18, 2014 3:19:38 PM org.apache.catalina.core.AprLifecycleListener lifecycleEvent
INFO: Failed shutdown of Apache Portable Runtime
Sep 18, 2014 3:20:13 PM org.apache.catalina.core.AprLifecycleListener lifecycleEvent
INFO: The Apache Tomcat Native library which allows optimal performance in production environments was not found on the java.library.path: /usr/java/jdk1.6.0_18/jre/lib/amd64/server:/usr/java/jdk1.6.0_18/jre/lib/amd64:/usr/java/jdk1.6.0_18/jre/../lib/amd64:/usr/java/packages/lib/amd64:/usr/lib64:/lib64:/lib:/usr/lib
Sep 18, 2014 3:20:13 PM org.apache.coyote.http11.Http11BaseProtocol init
INFO: Initializing Coyote HTTP/1.1 on http-8080
Sep 18, 2014 3:20:13 PM org.apache.catalina.startup.Catalina load
INFO: Initialization processed in 691 ms
Sep 18, 2014 3:20:13 PM org.apache.catalina.core.StandardService start
INFO: Starting service Catalina
Sep 18, 2014 3:20:13 PM org.apache.catalina.core.StandardEngine start
INFO: Starting Servlet Engine: Apache Tomcat/5.5.25
Sep 18, 2014 3:20:13 PM org.apache.catalina.core.StandardHost start
INFO: XML validation disabled
Sep 18, 2014 3:20:13 PM org.apache.catalina.startup.HostConfig deployWAR
INFO: Deploying web application archive openreports.war
Sep 18, 2014 3:20:19 PM org.eclipse.birt.report.engine.api.impl.ReportEngine <init>
FINE: ReportEngine created. EngineConfig: EngineConfig: org.eclipse.birt.report.engine.api.EngineConfig.scriptObjects={};BIRT_HOME=;logLevel=ALL;PLATFORM_CONTEXT=org.eclipse.birt.core.framework.PlatformServletContext@1a71d29a;org.eclipse.birt.report.engine.api.EngineConfig.emitterConfigs={html=org.eclipse.birt.report.engine.api.HTMLRenderOption@26b98a06};logDest=<null>; 
Sep 18, 2014 3:20:19 PM org.eclipse.birt.report.engine.extension.internal.ExtensionManager getExtensions
FINE: Start load extension point: org.eclipse.birt.report.engine.reportitemGeneration
Sep 18, 2014 3:20:19 PM org.eclipse.birt.report.engine.extension.internal.ExtensionManager loadGenerationExtensionDefns
FINE: Load generation extension: Chart
Sep 18, 2014 3:20:19 PM org.eclipse.birt.report.engine.extension.internal.ExtensionManager getExtensions
FINE: Start load extension point: org.eclipse.birt.report.engine.reportitemPresentation
Sep 18, 2014 3:20:19 PM org.eclipse.birt.report.engine.extension.internal.ExtensionManager loadPresentationExtensionDefns
FINE: Load prsentation extension: Chart
Sep 18, 2014 3:20:19 PM org.eclipse.birt.report.engine.extension.internal.ExtensionManager getExtensions
FINE: Start load extension point: org.eclipse.birt.report.engine.reportitemQuery
Sep 18, 2014 3:20:19 PM org.eclipse.birt.report.engine.extension.internal.ExtensionManager loadQueryExtensionDefns
FINE: Load query extension: Chart
Sep 18, 2014 3:20:19 PM org.eclipse.birt.report.engine.extension.internal.ExtensionManager getExtensions
FINE: Start load extension point: org.eclipse.birt.report.engine.emitters
Sep 18, 2014 3:20:19 PM org.eclipse.birt.report.engine.extension.internal.ExtensionManager loadEmitterExtensionDefns
FINE: Load ppt emitter org.eclipse.birt.report.engine.emitter.ppt
Sep 18, 2014 3:20:19 PM org.eclipse.birt.report.engine.extension.internal.ExtensionManager loadEmitterExtensionDefns
FINE: Load xls emitter org.eclipse.birt.report.engine.emitter.prototype.excel
Sep 18, 2014 3:20:19 PM org.eclipse.birt.report.engine.extension.internal.ExtensionManager loadEmitterExtensionDefns
FINE: Load doc emitter org.eclipse.birt.report.engine.emitter.word
Sep 18, 2014 3:20:19 PM org.eclipse.birt.report.engine.extension.internal.ExtensionManager loadEmitterExtensionDefns
FINE: Load postscript emitter org.eclipse.birt.report.engine.emitter.postscript
Sep 18, 2014 3:20:19 PM org.eclipse.birt.report.engine.extension.internal.ExtensionManager loadEmitterExtensionDefns
FINE: Load pdf emitter org.eclipse.birt.report.engine.emitter.pdf
Sep 18, 2014 3:20:19 PM org.eclipse.birt.report.engine.extension.internal.ExtensionManager loadEmitterExtensionDefns
FINE: Load html emitter org.eclipse.birt.report.engine.emitter.html
Sep 18, 2014 3:20:19 PM org.eclipse.birt.report.engine.extension.internal.ExtensionManager getExtensions
FINE: Start load extension point: org.eclipse.birt.report.engine.reportEventHandler
Sep 18, 2014 3:20:19 PM org.eclipse.birt.report.engine.extension.internal.ExtensionManager getExtensions
FINE: Start load extension point: org.eclipse.birt.report.engine.reportItemPreparation
Sep 18, 2014 3:20:19 PM org.eclipse.birt.report.engine.extension.internal.ExtensionManager getExtensions
FINE: Start load extension point: org.eclipse.birt.report.engine.dataExtraction
Sep 18, 2014 3:20:19 PM org.eclipse.birt.report.engine.extension.internal.ExtensionManager loadDataExtractionExtensions
FINE: Load data extraction extension: org.eclipse.birt.report.engine.dataextraction.csv
Sep 18, 2014 3:20:19 PM org.eclipse.birt.report.engine.extension.internal.ExtensionManager getExtensions
FINE: Start load extension point: org.eclipse.birt.report.engine.extendedItemFactory
Sep 18, 2014 3:20:19 PM org.eclipse.birt.report.engine.extension.internal.ExtensionManager loadExtendedItems
FINE: Load extendedItem extension: Crosstab
Sep 18, 2014 3:20:19 PM org.eclipse.birt.report.engine.extension.internal.ExtensionManager loadExtendedItems
FINE: Load extendedItem extension: CrosstabCell
Sep 18, 2014 3:20:19 PM org.eclipse.birt.report.engine.extension.internal.ExtensionManager loadExtendedItems
FINE: Load extendedItem extension: AggregationCell
Sep 18, 2014 3:20:20 PM org.apache.coyote.http11.Http11BaseProtocol start
INFO: Starting Coyote HTTP/1.1 on http-8080
Sep 18, 2014 3:20:20 PM org.apache.jk.common.ChannelSocket init
INFO: JK: ajp13 listening on /0.0.0.0:8009
Sep 18, 2014 3:20:20 PM org.apache.jk.server.JkMain start
INFO: Jk running ID=0 time=0/31  config=null
Sep 18, 2014 3:20:20 PM org.apache.catalina.storeconfig.StoreLoader load
INFO: Find registry server-registry.xml at classpath resource
Sep 18, 2014 3:20:20 PM org.apache.catalina.startup.Catalina start
INFO: Server startup in 7644 ms
Sep 18, 2014 3:50:20 PM org.apache.coyote.http11.Http11BaseProtocol pause
INFO: Pausing Coyote HTTP/1.1 on http-8080
Sep 18, 2014 3:50:21 PM org.apache.catalina.core.StandardService stop
INFO: Stopping service Catalina
Sep 18, 2014 3:50:27 PM org.apache.coyote.http11.Http11BaseProtocol destroy
INFO: Stopping Coyote HTTP/1.1 on http-8080
Sep 18, 2014 3:50:27 PM org.apache.catalina.core.AprLifecycleListener lifecycleEvent
INFO: Failed shutdown of Apache Portable Runtime
Sep 18, 2014 3:50:54 PM org.apache.catalina.core.AprLifecycleListener lifecycleEvent
INFO: The Apache Tomcat Native library which allows optimal performance in production environments was not found on the java.library.path: /usr/java/jdk1.6.0_18/jre/lib/amd64/server:/usr/java/jdk1.6.0_18/jre/lib/amd64:/usr/java/jdk1.6.0_18/jre/../lib/amd64:/usr/java/packages/lib/amd64:/usr/lib64:/lib64:/lib:/usr/lib
Sep 18, 2014 3:50:54 PM org.apache.coyote.http11.Http11BaseProtocol init
INFO: Initializing Coyote HTTP/1.1 on http-8181
Sep 18, 2014 3:50:54 PM org.apache.catalina.startup.Catalina load
INFO: Initialization processed in 605 ms
Sep 18, 2014 3:50:54 PM org.apache.catalina.core.StandardService start
INFO: Starting service Catalina
Sep 18, 2014 3:50:54 PM org.apache.catalina.core.StandardEngine start
INFO: Starting Servlet Engine: Apache Tomcat/5.5.25
Sep 18, 2014 3:50:54 PM org.apache.catalina.core.StandardHost start
INFO: XML validation disabled
Sep 18, 2014 3:50:55 PM org.apache.catalina.startup.HostConfig deployWAR
INFO: Deploying web application archive openreports.war
Sep 18, 2014 3:51:01 PM org.eclipse.birt.report.engine.api.impl.ReportEngine <init>
FINE: ReportEngine created. EngineConfig: EngineConfig: org.eclipse.birt.report.engine.api.EngineConfig.scriptObjects={};BIRT_HOME=;logLevel=ALL;PLATFORM_CONTEXT=org.eclipse.birt.core.framework.PlatformServletContext@397b6074;org.eclipse.birt.report.engine.api.EngineConfig.emitterConfigs={html=org.eclipse.birt.report.engine.api.HTMLRenderOption@52f97d27};logDest=<null>; 
Sep 18, 2014 3:51:01 PM org.eclipse.birt.report.engine.extension.internal.ExtensionManager getExtensions
FINE: Start load extension point: org.eclipse.birt.report.engine.reportitemGeneration
Sep 18, 2014 3:51:01 PM org.eclipse.birt.report.engine.extension.internal.ExtensionManager loadGenerationExtensionDefns
FINE: Load generation extension: Chart
Sep 18, 2014 3:51:01 PM org.eclipse.birt.report.engine.extension.internal.ExtensionManager getExtensions
FINE: Start load extension point: org.eclipse.birt.report.engine.reportitemPresentation
Sep 18, 2014 3:51:01 PM org.eclipse.birt.report.engine.extension.internal.ExtensionManager loadPresentationExtensionDefns
FINE: Load prsentation extension: Chart
Sep 18, 2014 3:51:01 PM org.eclipse.birt.report.engine.extension.internal.ExtensionManager getExtensions
FINE: Start load extension point: org.eclipse.birt.report.engine.reportitemQuery
Sep 18, 2014 3:51:01 PM org.eclipse.birt.report.engine.extension.internal.ExtensionManager loadQueryExtensionDefns
FINE: Load query extension: Chart
Sep 18, 2014 3:51:01 PM org.eclipse.birt.report.engine.extension.internal.ExtensionManager getExtensions
FINE: Start load extension point: org.eclipse.birt.report.engine.emitters
Sep 18, 2014 3:51:01 PM org.eclipse.birt.report.engine.extension.internal.ExtensionManager loadEmitterExtensionDefns
FINE: Load ppt emitter org.eclipse.birt.report.engine.emitter.ppt
Sep 18, 2014 3:51:01 PM org.eclipse.birt.report.engine.extension.internal.ExtensionManager loadEmitterExtensionDefns
FINE: Load xls emitter org.eclipse.birt.report.engine.emitter.prototype.excel
Sep 18, 2014 3:51:01 PM org.eclipse.birt.report.engine.extension.internal.ExtensionManager loadEmitterExtensionDefns
FINE: Load doc emitter org.eclipse.birt.report.engine.emitter.word
Sep 18, 2014 3:51:01 PM org.eclipse.birt.report.engine.extension.internal.ExtensionManager loadEmitterExtensionDefns
FINE: Load postscript emitter org.eclipse.birt.report.engine.emitter.postscript
Sep 18, 2014 3:51:01 PM org.eclipse.birt.report.engine.extension.internal.ExtensionManager loadEmitterExtensionDefns
FINE: Load pdf emitter org.eclipse.birt.report.engine.emitter.pdf
Sep 18, 2014 3:51:01 PM org.eclipse.birt.report.engine.extension.internal.ExtensionManager loadEmitterExtensionDefns
FINE: Load html emitter org.eclipse.birt.report.engine.emitter.html
Sep 18, 2014 3:51:01 PM org.eclipse.birt.report.engine.extension.internal.ExtensionManager getExtensions
FINE: Start load extension point: org.eclipse.birt.report.engine.reportEventHandler
Sep 18, 2014 3:51:01 PM org.eclipse.birt.report.engine.extension.internal.ExtensionManager getExtensions
FINE: Start load extension point: org.eclipse.birt.report.engine.reportItemPreparation
Sep 18, 2014 3:51:01 PM org.eclipse.birt.report.engine.extension.internal.ExtensionManager getExtensions
FINE: Start load extension point: org.eclipse.birt.report.engine.dataExtraction
Sep 18, 2014 3:51:01 PM org.eclipse.birt.report.engine.extension.internal.ExtensionManager loadDataExtractionExtensions
FINE: Load data extraction extension: org.eclipse.birt.report.engine.dataextraction.csv
Sep 18, 2014 3:51:01 PM org.eclipse.birt.report.engine.extension.internal.ExtensionManager getExtensions
FINE: Start load extension point: org.eclipse.birt.report.engine.extendedItemFactory
Sep 18, 2014 3:51:01 PM org.eclipse.birt.report.engine.extension.internal.ExtensionManager loadExtendedItems
FINE: Load extendedItem extension: Crosstab
Sep 18, 2014 3:51:01 PM org.eclipse.birt.report.engine.extension.internal.ExtensionManager loadExtendedItems
FINE: Load extendedItem extension: CrosstabCell
Sep 18, 2014 3:51:01 PM org.eclipse.birt.report.engine.extension.internal.ExtensionManager loadExtendedItems
FINE: Load extendedItem extension: AggregationCell
Sep 18, 2014 3:51:02 PM org.apache.coyote.http11.Http11BaseProtocol start
INFO: Starting Coyote HTTP/1.1 on http-8181
Sep 18, 2014 3:51:02 PM org.apache.jk.common.ChannelSocket init
INFO: JK: ajp13 listening on /0.0.0.0:8009
Sep 18, 2014 3:51:02 PM org.apache.jk.server.JkMain start
INFO: Jk running ID=0 time=0/9  config=null
Sep 18, 2014 3:51:02 PM org.apache.catalina.storeconfig.StoreLoader load
INFO: Find registry server-registry.xml at classpath resource
Sep 18, 2014 3:51:02 PM org.apache.catalina.startup.Catalina start
INFO: Server startup in 7644 ms
