Sep 23, 2014 3:45:39 PM org.apache.catalina.core.AprLifecycleListener lifecycleEvent
INFO: The Apache Tomcat Native library which allows optimal performance in production environments was not found on the java.library.path: /usr/java/jdk1.6.0_18/jre/lib/amd64/server:/usr/java/jdk1.6.0_18/jre/lib/amd64:/usr/java/jdk1.6.0_18/jre/../lib/amd64:/usr/java/packages/lib/amd64:/usr/lib64:/lib64:/lib:/usr/lib
Sep 23, 2014 3:45:39 PM org.apache.coyote.http11.Http11BaseProtocol init
INFO: Initializing Coyote HTTP/1.1 on http-8181
Sep 23, 2014 3:45:39 PM org.apache.catalina.startup.Catalina load
INFO: Initialization processed in 953 ms
Sep 23, 2014 3:45:39 PM org.apache.catalina.core.StandardService start
INFO: Starting service Catalina
Sep 23, 2014 3:45:40 PM org.apache.catalina.core.StandardEngine start
INFO: Starting Servlet Engine: Apache Tomcat/5.5.25
Sep 23, 2014 3:45:40 PM org.apache.catalina.core.StandardHost start
INFO: XML validation disabled
Sep 23, 2014 3:45:40 PM org.apache.catalina.startup.HostConfig deployWAR
INFO: Deploying web application archive openreports.war
Sep 23, 2014 3:45:48 PM org.apache.catalina.core.StandardContext start
SEVERE: Error listenerStart
Sep 23, 2014 3:45:48 PM org.apache.catalina.core.StandardContext start
SEVERE: Context [/openreports] startup failed due to previous errors
Sep 23, 2014 3:45:49 PM org.apache.coyote.http11.Http11BaseProtocol start
INFO: Starting Coyote HTTP/1.1 on http-8181
Sep 23, 2014 3:45:49 PM org.apache.jk.common.ChannelSocket init
INFO: JK: ajp13 listening on /0.0.0.0:8009
Sep 23, 2014 3:45:49 PM org.apache.jk.server.JkMain start
INFO: Jk running ID=0 time=0/34  config=null
Sep 23, 2014 3:45:49 PM org.apache.catalina.storeconfig.StoreLoader load
INFO: Find registry server-registry.xml at classpath resource
Sep 23, 2014 3:45:49 PM org.apache.catalina.startup.Catalina start
INFO: Server startup in 9916 ms
Sep 23, 2014 3:45:58 PM org.apache.coyote.http11.Http11BaseProtocol pause
INFO: Pausing Coyote HTTP/1.1 on http-8181
Sep 23, 2014 3:45:59 PM org.apache.catalina.core.StandardService stop
INFO: Stopping service Catalina
Sep 23, 2014 3:45:59 PM org.apache.coyote.http11.Http11BaseProtocol destroy
INFO: Stopping Coyote HTTP/1.1 on http-8181
Sep 23, 2014 3:45:59 PM org.apache.catalina.core.AprLifecycleListener lifecycleEvent
INFO: Failed shutdown of Apache Portable Runtime
Sep 23, 2014 3:46:10 PM org.apache.catalina.core.AprLifecycleListener lifecycleEvent
INFO: The Apache Tomcat Native library which allows optimal performance in production environments was not found on the java.library.path: /usr/java/jdk1.6.0_18/jre/lib/amd64/server:/usr/java/jdk1.6.0_18/jre/lib/amd64:/usr/java/jdk1.6.0_18/jre/../lib/amd64:/usr/java/packages/lib/amd64:/usr/lib64:/lib64:/lib:/usr/lib
Sep 23, 2014 3:46:10 PM org.apache.coyote.http11.Http11BaseProtocol init
INFO: Initializing Coyote HTTP/1.1 on http-8181
Sep 23, 2014 3:46:10 PM org.apache.catalina.startup.Catalina load
INFO: Initialization processed in 316 ms
Sep 23, 2014 3:46:10 PM org.apache.catalina.core.StandardService start
INFO: Starting service Catalina
Sep 23, 2014 3:46:10 PM org.apache.catalina.core.StandardEngine start
INFO: Starting Servlet Engine: Apache Tomcat/5.5.25
Sep 23, 2014 3:46:10 PM org.apache.catalina.core.StandardHost start
INFO: XML validation disabled
Sep 23, 2014 3:46:10 PM org.apache.catalina.startup.HostConfig deployWAR
INFO: Deploying web application archive openreports.war
Sep 23, 2014 3:46:12 PM org.apache.catalina.core.StandardContext start
SEVERE: Error listenerStart
Sep 23, 2014 3:46:12 PM org.apache.catalina.core.StandardContext start
SEVERE: Context [/openreports] startup failed due to previous errors
Sep 23, 2014 3:46:12 PM org.apache.coyote.http11.Http11BaseProtocol start
INFO: Starting Coyote HTTP/1.1 on http-8181
Sep 23, 2014 3:46:13 PM org.apache.jk.common.ChannelSocket init
INFO: JK: ajp13 listening on /0.0.0.0:8009
Sep 23, 2014 3:46:13 PM org.apache.jk.server.JkMain start
INFO: Jk running ID=0 time=0/9  config=null
Sep 23, 2014 3:46:13 PM org.apache.catalina.storeconfig.StoreLoader load
INFO: Find registry server-registry.xml at classpath resource
Sep 23, 2014 3:46:13 PM org.apache.catalina.startup.Catalina start
INFO: Server startup in 3001 ms
Sep 23, 2014 3:48:12 PM org.apache.coyote.http11.Http11BaseProtocol pause
INFO: Pausing Coyote HTTP/1.1 on http-8181
Sep 23, 2014 3:48:13 PM org.apache.catalina.core.StandardService stop
INFO: Stopping service Catalina
Sep 23, 2014 3:48:13 PM org.apache.coyote.http11.Http11BaseProtocol destroy
INFO: Stopping Coyote HTTP/1.1 on http-8181
Sep 23, 2014 3:48:13 PM org.apache.catalina.core.AprLifecycleListener lifecycleEvent
INFO: Failed shutdown of Apache Portable Runtime
Sep 23, 2014 3:58:14 PM org.apache.catalina.core.AprLifecycleListener lifecycleEvent
INFO: The Apache Tomcat Native library which allows optimal performance in production environments was not found on the java.library.path: /usr/java/jdk1.6.0_18/jre/lib/amd64/server:/usr/java/jdk1.6.0_18/jre/lib/amd64:/usr/java/jdk1.6.0_18/jre/../lib/amd64:/usr/java/packages/lib/amd64:/usr/lib64:/lib64:/lib:/usr/lib
Sep 23, 2014 3:58:14 PM org.apache.coyote.http11.Http11BaseProtocol init
INFO: Initializing Coyote HTTP/1.1 on http-8181
Sep 23, 2014 3:58:14 PM org.apache.catalina.startup.Catalina load
INFO: Initialization processed in 324 ms
Sep 23, 2014 3:58:14 PM org.apache.catalina.core.StandardService start
INFO: Starting service Catalina
Sep 23, 2014 3:58:14 PM org.apache.catalina.core.StandardEngine start
INFO: Starting Servlet Engine: Apache Tomcat/5.5.25
Sep 23, 2014 3:58:14 PM org.apache.catalina.core.StandardHost start
INFO: XML validation disabled
Sep 23, 2014 3:58:14 PM org.apache.catalina.startup.HostConfig deployWAR
INFO: Deploying web application archive openreports.war
Sep 23, 2014 3:58:21 PM org.eclipse.birt.report.engine.api.impl.ReportEngine <init>
FINE: ReportEngine created. EngineConfig: EngineConfig: org.eclipse.birt.report.engine.api.EngineConfig.scriptObjects={};BIRT_HOME=;logLevel=ALL;PLATFORM_CONTEXT=org.eclipse.birt.core.framework.PlatformServletContext@12046136;org.eclipse.birt.report.engine.api.EngineConfig.emitterConfigs={html=org.eclipse.birt.report.engine.api.HTMLRenderOption@5d8a2977};logDest=<null>; 
Sep 23, 2014 3:58:21 PM org.eclipse.birt.report.engine.extension.internal.ExtensionManager getExtensions
FINE: Start load extension point: org.eclipse.birt.report.engine.reportitemGeneration
Sep 23, 2014 3:58:21 PM org.eclipse.birt.report.engine.extension.internal.ExtensionManager loadGenerationExtensionDefns
FINE: Load generation extension: Chart
Sep 23, 2014 3:58:21 PM org.eclipse.birt.report.engine.extension.internal.ExtensionManager getExtensions
FINE: Start load extension point: org.eclipse.birt.report.engine.reportitemPresentation
Sep 23, 2014 3:58:21 PM org.eclipse.birt.report.engine.extension.internal.ExtensionManager loadPresentationExtensionDefns
FINE: Load prsentation extension: Chart
Sep 23, 2014 3:58:21 PM org.eclipse.birt.report.engine.extension.internal.ExtensionManager getExtensions
FINE: Start load extension point: org.eclipse.birt.report.engine.reportitemQuery
Sep 23, 2014 3:58:21 PM org.eclipse.birt.report.engine.extension.internal.ExtensionManager loadQueryExtensionDefns
FINE: Load query extension: Chart
Sep 23, 2014 3:58:21 PM org.eclipse.birt.report.engine.extension.internal.ExtensionManager getExtensions
FINE: Start load extension point: org.eclipse.birt.report.engine.emitters
Sep 23, 2014 3:58:21 PM org.eclipse.birt.report.engine.extension.internal.ExtensionManager loadEmitterExtensionDefns
FINE: Load ppt emitter org.eclipse.birt.report.engine.emitter.ppt
Sep 23, 2014 3:58:21 PM org.eclipse.birt.report.engine.extension.internal.ExtensionManager loadEmitterExtensionDefns
FINE: Load xls emitter org.eclipse.birt.report.engine.emitter.prototype.excel
Sep 23, 2014 3:58:21 PM org.eclipse.birt.report.engine.extension.internal.ExtensionManager loadEmitterExtensionDefns
FINE: Load doc emitter org.eclipse.birt.report.engine.emitter.word
Sep 23, 2014 3:58:21 PM org.eclipse.birt.report.engine.extension.internal.ExtensionManager loadEmitterExtensionDefns
FINE: Load postscript emitter org.eclipse.birt.report.engine.emitter.postscript
Sep 23, 2014 3:58:21 PM org.eclipse.birt.report.engine.extension.internal.ExtensionManager loadEmitterExtensionDefns
FINE: Load pdf emitter org.eclipse.birt.report.engine.emitter.pdf
Sep 23, 2014 3:58:21 PM org.eclipse.birt.report.engine.extension.internal.ExtensionManager loadEmitterExtensionDefns
FINE: Load html emitter org.eclipse.birt.report.engine.emitter.html
Sep 23, 2014 3:58:21 PM org.eclipse.birt.report.engine.extension.internal.ExtensionManager getExtensions
FINE: Start load extension point: org.eclipse.birt.report.engine.reportEventHandler
Sep 23, 2014 3:58:21 PM org.eclipse.birt.report.engine.extension.internal.ExtensionManager getExtensions
FINE: Start load extension point: org.eclipse.birt.report.engine.reportItemPreparation
Sep 23, 2014 3:58:21 PM org.eclipse.birt.report.engine.extension.internal.ExtensionManager getExtensions
FINE: Start load extension point: org.eclipse.birt.report.engine.dataExtraction
Sep 23, 2014 3:58:21 PM org.eclipse.birt.report.engine.extension.internal.ExtensionManager loadDataExtractionExtensions
FINE: Load data extraction extension: org.eclipse.birt.report.engine.dataextraction.csv
Sep 23, 2014 3:58:21 PM org.eclipse.birt.report.engine.extension.internal.ExtensionManager getExtensions
FINE: Start load extension point: org.eclipse.birt.report.engine.extendedItemFactory
Sep 23, 2014 3:58:21 PM org.eclipse.birt.report.engine.extension.internal.ExtensionManager loadExtendedItems
FINE: Load extendedItem extension: Crosstab
Sep 23, 2014 3:58:21 PM org.eclipse.birt.report.engine.extension.internal.ExtensionManager loadExtendedItems
FINE: Load extendedItem extension: CrosstabCell
Sep 23, 2014 3:58:21 PM org.eclipse.birt.report.engine.extension.internal.ExtensionManager loadExtendedItems
FINE: Load extendedItem extension: AggregationCell
Sep 23, 2014 3:58:22 PM org.apache.coyote.http11.Http11BaseProtocol start
INFO: Starting Coyote HTTP/1.1 on http-8181
Sep 23, 2014 3:58:22 PM org.apache.jk.common.ChannelSocket init
INFO: JK: ajp13 listening on /0.0.0.0:8009
Sep 23, 2014 3:58:22 PM org.apache.jk.server.JkMain start
INFO: Jk running ID=0 time=0/24  config=null
Sep 23, 2014 3:58:22 PM org.apache.catalina.storeconfig.StoreLoader load
INFO: Find registry server-registry.xml at classpath resource
Sep 23, 2014 3:58:28 PM org.apache.catalina.core.AprLifecycleListener lifecycleEvent
INFO: The Apache Tomcat Native library which allows optimal performance in production environments was not found on the java.library.path: /usr/java/jdk1.6.0_18/jre/lib/amd64/server:/usr/java/jdk1.6.0_18/jre/lib/amd64:/usr/java/jdk1.6.0_18/jre/../lib/amd64:/usr/java/packages/lib/amd64:/usr/lib64:/lib64:/lib:/usr/lib
Sep 23, 2014 3:58:28 PM org.apache.coyote.http11.Http11BaseProtocol init
INFO: Initializing Coyote HTTP/1.1 on http-8181
Sep 23, 2014 3:58:28 PM org.apache.catalina.startup.Catalina load
INFO: Initialization processed in 310 ms
Sep 23, 2014 3:58:28 PM org.apache.catalina.core.StandardService start
INFO: Starting service Catalina
Sep 23, 2014 3:58:28 PM org.apache.catalina.core.StandardEngine start
INFO: Starting Servlet Engine: Apache Tomcat/5.5.25
Sep 23, 2014 3:58:28 PM org.apache.catalina.core.StandardHost start
INFO: XML validation disabled
Sep 23, 2014 3:58:29 PM org.apache.catalina.startup.HostConfig deployWAR
INFO: Deploying web application archive openreports.war
Sep 23, 2014 3:58:33 PM org.eclipse.birt.report.engine.api.impl.ReportEngine <init>
FINE: ReportEngine created. EngineConfig: EngineConfig: org.eclipse.birt.report.engine.api.EngineConfig.scriptObjects={};BIRT_HOME=;logLevel=ALL;PLATFORM_CONTEXT=org.eclipse.birt.core.framework.PlatformServletContext@72e5c94;org.eclipse.birt.report.engine.api.EngineConfig.emitterConfigs={html=org.eclipse.birt.report.engine.api.HTMLRenderOption@74bffc3a};logDest=<null>; 
Sep 23, 2014 3:58:33 PM org.eclipse.birt.report.engine.extension.internal.ExtensionManager getExtensions
FINE: Start load extension point: org.eclipse.birt.report.engine.reportitemGeneration
Sep 23, 2014 3:58:33 PM org.eclipse.birt.report.engine.extension.internal.ExtensionManager loadGenerationExtensionDefns
FINE: Load generation extension: Chart
Sep 23, 2014 3:58:33 PM org.eclipse.birt.report.engine.extension.internal.ExtensionManager getExtensions
FINE: Start load extension point: org.eclipse.birt.report.engine.reportitemPresentation
Sep 23, 2014 3:58:33 PM org.eclipse.birt.report.engine.extension.internal.ExtensionManager loadPresentationExtensionDefns
FINE: Load prsentation extension: Chart
Sep 23, 2014 3:58:33 PM org.eclipse.birt.report.engine.extension.internal.ExtensionManager getExtensions
FINE: Start load extension point: org.eclipse.birt.report.engine.reportitemQuery
Sep 23, 2014 3:58:33 PM org.eclipse.birt.report.engine.extension.internal.ExtensionManager loadQueryExtensionDefns
FINE: Load query extension: Chart
Sep 23, 2014 3:58:33 PM org.eclipse.birt.report.engine.extension.internal.ExtensionManager getExtensions
FINE: Start load extension point: org.eclipse.birt.report.engine.emitters
Sep 23, 2014 3:58:33 PM org.eclipse.birt.report.engine.extension.internal.ExtensionManager loadEmitterExtensionDefns
FINE: Load ppt emitter org.eclipse.birt.report.engine.emitter.ppt
Sep 23, 2014 3:58:33 PM org.eclipse.birt.report.engine.extension.internal.ExtensionManager loadEmitterExtensionDefns
FINE: Load xls emitter org.eclipse.birt.report.engine.emitter.prototype.excel
Sep 23, 2014 3:58:33 PM org.eclipse.birt.report.engine.extension.internal.ExtensionManager loadEmitterExtensionDefns
FINE: Load doc emitter org.eclipse.birt.report.engine.emitter.word
Sep 23, 2014 3:58:33 PM org.eclipse.birt.report.engine.extension.internal.ExtensionManager loadEmitterExtensionDefns
FINE: Load postscript emitter org.eclipse.birt.report.engine.emitter.postscript
Sep 23, 2014 3:58:33 PM org.eclipse.birt.report.engine.extension.internal.ExtensionManager loadEmitterExtensionDefns
FINE: Load pdf emitter org.eclipse.birt.report.engine.emitter.pdf
Sep 23, 2014 3:58:33 PM org.eclipse.birt.report.engine.extension.internal.ExtensionManager loadEmitterExtensionDefns
FINE: Load html emitter org.eclipse.birt.report.engine.emitter.html
Sep 23, 2014 3:58:33 PM org.eclipse.birt.report.engine.extension.internal.ExtensionManager getExtensions
FINE: Start load extension point: org.eclipse.birt.report.engine.reportEventHandler
Sep 23, 2014 3:58:33 PM org.eclipse.birt.report.engine.extension.internal.ExtensionManager getExtensions
FINE: Start load extension point: org.eclipse.birt.report.engine.reportItemPreparation
Sep 23, 2014 3:58:33 PM org.eclipse.birt.report.engine.extension.internal.ExtensionManager getExtensions
FINE: Start load extension point: org.eclipse.birt.report.engine.dataExtraction
Sep 23, 2014 3:58:33 PM org.eclipse.birt.report.engine.extension.internal.ExtensionManager loadDataExtractionExtensions
FINE: Load data extraction extension: org.eclipse.birt.report.engine.dataextraction.csv
Sep 23, 2014 3:58:33 PM org.eclipse.birt.report.engine.extension.internal.ExtensionManager getExtensions
FINE: Start load extension point: org.eclipse.birt.report.engine.extendedItemFactory
Sep 23, 2014 3:58:33 PM org.eclipse.birt.report.engine.extension.internal.ExtensionManager loadExtendedItems
FINE: Load extendedItem extension: Crosstab
Sep 23, 2014 3:58:33 PM org.eclipse.birt.report.engine.extension.internal.ExtensionManager loadExtendedItems
FINE: Load extendedItem extension: CrosstabCell
Sep 23, 2014 3:58:33 PM org.eclipse.birt.report.engine.extension.internal.ExtensionManager loadExtendedItems
FINE: Load extendedItem extension: AggregationCell
Sep 23, 2014 3:58:34 PM org.apache.coyote.http11.Http11BaseProtocol start
INFO: Starting Coyote HTTP/1.1 on http-8181
Sep 23, 2014 3:58:34 PM org.apache.jk.common.ChannelSocket init
INFO: JK: ajp13 listening on /0.0.0.0:8009
Sep 23, 2014 3:58:34 PM org.apache.jk.server.JkMain start
INFO: Jk running ID=0 time=0/12  config=null
Sep 23, 2014 3:58:34 PM org.apache.catalina.storeconfig.StoreLoader load
INFO: Find registry server-registry.xml at classpath resource
Sep 23, 2014 3:58:34 PM org.apache.catalina.startup.Catalina start
INFO: Server startup in 5169 ms
