Jan 6, 2015 5:39:52 PM org.apache.catalina.core.AprLifecycleListener lifecycleEvent
INFO: The Apache Tomcat Native library which allows optimal performance in production environments was not found on the java.library.path: /usr/java/jdk1.6.0_18/jre/lib/amd64/server:/usr/java/jdk1.6.0_18/jre/lib/amd64:/usr/java/jdk1.6.0_18/jre/../lib/amd64:/usr/java/packages/lib/amd64:/usr/lib64:/lib64:/lib:/usr/lib
Jan 6, 2015 5:39:52 PM org.apache.coyote.http11.Http11BaseProtocol init
SEVERE: Error initializing endpoint
java.net.BindException: Address already in use:8181
	at org.apache.tomcat.util.net.PoolTcpEndpoint.initEndpoint(PoolTcpEndpoint.java:298)
	at org.apache.coyote.http11.Http11BaseProtocol.init(Http11BaseProtocol.java:139)
	at org.apache.catalina.connector.Connector.initialize(Connector.java:1017)
	at org.apache.catalina.core.StandardService.initialize(StandardService.java:578)
	at org.apache.catalina.core.StandardServer.initialize(StandardServer.java:782)
	at org.apache.catalina.startup.Catalina.load(Catalina.java:504)
	at org.apache.catalina.startup.Catalina.load(Catalina.java:524)
	at sun.reflect.NativeMethodAccessorImpl.invoke0(Native Method)
	at sun.reflect.NativeMethodAccessorImpl.invoke(NativeMethodAccessorImpl.java:39)
	at sun.reflect.DelegatingMethodAccessorImpl.invoke(DelegatingMethodAccessorImpl.java:25)
	at java.lang.reflect.Method.invoke(Method.java:597)
	at org.apache.catalina.startup.Bootstrap.load(Bootstrap.java:267)
	at org.apache.catalina.startup.Bootstrap.main(Bootstrap.java:432)
Jan 6, 2015 5:39:52 PM org.apache.catalina.startup.Catalina load
SEVERE: Catalina.start
LifecycleException:  Protocol handler initialization failed: java.net.BindException: Address already in use:8181
	at org.apache.catalina.connector.Connector.initialize(Connector.java:1019)
	at org.apache.catalina.core.StandardService.initialize(StandardService.java:578)
	at org.apache.catalina.core.StandardServer.initialize(StandardServer.java:782)
	at org.apache.catalina.startup.Catalina.load(Catalina.java:504)
	at org.apache.catalina.startup.Catalina.load(Catalina.java:524)
	at sun.reflect.NativeMethodAccessorImpl.invoke0(Native Method)
	at sun.reflect.NativeMethodAccessorImpl.invoke(NativeMethodAccessorImpl.java:39)
	at sun.reflect.DelegatingMethodAccessorImpl.invoke(DelegatingMethodAccessorImpl.java:25)
	at java.lang.reflect.Method.invoke(Method.java:597)
	at org.apache.catalina.startup.Bootstrap.load(Bootstrap.java:267)
	at org.apache.catalina.startup.Bootstrap.main(Bootstrap.java:432)
Jan 6, 2015 5:39:52 PM org.apache.catalina.startup.Catalina load
INFO: Initialization processed in 453 ms
Jan 6, 2015 5:39:52 PM org.apache.catalina.core.StandardService start
INFO: Starting service Catalina
Jan 6, 2015 5:39:52 PM org.apache.catalina.core.StandardEngine start
INFO: Starting Servlet Engine: Apache Tomcat/5.5.25
Jan 6, 2015 5:39:52 PM org.apache.catalina.core.StandardHost start
INFO: XML validation disabled
Jan 6, 2015 5:39:53 PM org.apache.catalina.startup.HostConfig deployWAR
INFO: Deploying web application archive openreports.war
Jan 6, 2015 5:39:56 PM org.apache.catalina.core.StandardContext start
SEVERE: Error listenerStart
Jan 6, 2015 5:39:56 PM org.apache.catalina.core.StandardContext start
SEVERE: Context [/openreports] startup failed due to previous errors
Jan 6, 2015 5:39:56 PM org.apache.coyote.http11.Http11BaseProtocol start
SEVERE: Error starting endpoint
java.net.BindException: Address already in use:8181
	at org.apache.tomcat.util.net.PoolTcpEndpoint.initEndpoint(PoolTcpEndpoint.java:298)
	at org.apache.tomcat.util.net.PoolTcpEndpoint.startEndpoint(PoolTcpEndpoint.java:313)
	at org.apache.coyote.http11.Http11BaseProtocol.start(Http11BaseProtocol.java:151)
	at org.apache.coyote.http11.Http11Protocol.start(Http11Protocol.java:76)
	at org.apache.catalina.connector.Connector.start(Connector.java:1090)
	at org.apache.catalina.core.StandardService.start(StandardService.java:457)
	at org.apache.catalina.core.StandardServer.start(StandardServer.java:700)
	at org.apache.catalina.startup.Catalina.start(Catalina.java:552)
	at sun.reflect.NativeMethodAccessorImpl.invoke0(Native Method)
	at sun.reflect.NativeMethodAccessorImpl.invoke(NativeMethodAccessorImpl.java:39)
	at sun.reflect.DelegatingMethodAccessorImpl.invoke(DelegatingMethodAccessorImpl.java:25)
	at java.lang.reflect.Method.invoke(Method.java:597)
	at org.apache.catalina.startup.Bootstrap.start(Bootstrap.java:295)
	at org.apache.catalina.startup.Bootstrap.main(Bootstrap.java:433)
Jan 6, 2015 5:39:56 PM org.apache.catalina.startup.Catalina start
SEVERE: Catalina.start: 
LifecycleException:  service.getName(): "Catalina";  Protocol handler start failed: java.net.BindException: Address already in use:8181
	at org.apache.catalina.connector.Connector.start(Connector.java:1097)
	at org.apache.catalina.core.StandardService.start(StandardService.java:457)
	at org.apache.catalina.core.StandardServer.start(StandardServer.java:700)
	at org.apache.catalina.startup.Catalina.start(Catalina.java:552)
	at sun.reflect.NativeMethodAccessorImpl.invoke0(Native Method)
	at sun.reflect.NativeMethodAccessorImpl.invoke(NativeMethodAccessorImpl.java:39)
	at sun.reflect.DelegatingMethodAccessorImpl.invoke(DelegatingMethodAccessorImpl.java:25)
	at java.lang.reflect.Method.invoke(Method.java:597)
	at org.apache.catalina.startup.Bootstrap.start(Bootstrap.java:295)
	at org.apache.catalina.startup.Bootstrap.main(Bootstrap.java:433)
Jan 6, 2015 5:39:56 PM org.apache.catalina.startup.Catalina start
INFO: Server startup in 3464 ms
Jan 6, 2015 5:39:56 PM org.apache.catalina.core.StandardServer await
SEVERE: StandardServer.await: create[8005]: 
java.net.BindException: Address already in use
	at java.net.PlainSocketImpl.socketBind(Native Method)
	at java.net.PlainSocketImpl.bind(PlainSocketImpl.java:365)
	at java.net.ServerSocket.bind(ServerSocket.java:319)
	at java.net.ServerSocket.<init>(ServerSocket.java:185)
	at org.apache.catalina.core.StandardServer.await(StandardServer.java:363)
	at org.apache.catalina.startup.Catalina.await(Catalina.java:616)
	at org.apache.catalina.startup.Catalina.start(Catalina.java:576)
	at sun.reflect.NativeMethodAccessorImpl.invoke0(Native Method)
	at sun.reflect.NativeMethodAccessorImpl.invoke(NativeMethodAccessorImpl.java:39)
	at sun.reflect.DelegatingMethodAccessorImpl.invoke(DelegatingMethodAccessorImpl.java:25)
	at java.lang.reflect.Method.invoke(Method.java:597)
	at org.apache.catalina.startup.Bootstrap.start(Bootstrap.java:295)
	at org.apache.catalina.startup.Bootstrap.main(Bootstrap.java:433)
Jan 6, 2015 5:39:56 PM org.apache.coyote.http11.Http11BaseProtocol pause
INFO: Pausing Coyote HTTP/1.1 on http-8181
Jan 6, 2015 5:39:56 PM org.apache.catalina.connector.Connector pause
SEVERE: Protocol handler pause failed
java.lang.NullPointerException
	at org.apache.jk.server.JkMain.pause(JkMain.java:679)
	at org.apache.jk.server.JkCoyoteHandler.pause(JkCoyoteHandler.java:163)
	at org.apache.catalina.connector.Connector.pause(Connector.java:1032)
	at org.apache.catalina.core.StandardService.stop(StandardService.java:489)
	at org.apache.catalina.core.StandardServer.stop(StandardServer.java:734)
	at org.apache.catalina.startup.Catalina.stop(Catalina.java:602)
	at org.apache.catalina.startup.Catalina$CatalinaShutdownHook.run(Catalina.java:645)
Jan 6, 2015 5:39:57 PM org.apache.catalina.core.StandardService stop
INFO: Stopping service Catalina
Jan 6, 2015 5:39:57 PM org.apache.catalina.connector.MapperListener destroy
WARNING: Error unregistering MBeanServerDelegate
java.lang.NullPointerException
	at org.apache.catalina.connector.MapperListener.destroy(MapperListener.java:162)
	at org.apache.catalina.connector.Connector.stop(Connector.java:1138)
	at org.apache.catalina.core.StandardService.stop(StandardService.java:519)
	at org.apache.catalina.core.StandardServer.stop(StandardServer.java:734)
	at org.apache.catalina.startup.Catalina.stop(Catalina.java:602)
	at org.apache.catalina.startup.Catalina$CatalinaShutdownHook.run(Catalina.java:645)
Jan 6, 2015 5:39:57 PM org.apache.coyote.http11.Http11BaseProtocol destroy
INFO: Stopping Coyote HTTP/1.1 on http-8181
Jan 6, 2015 5:39:57 PM org.apache.catalina.connector.Connector stop
SEVERE: Coyote connector has not been started
Jan 6, 2015 5:39:57 PM org.apache.catalina.core.AprLifecycleListener lifecycleEvent
INFO: Failed shutdown of Apache Portable Runtime
Jan 6, 2015 5:41:08 PM org.apache.coyote.http11.Http11BaseProtocol pause
INFO: Pausing Coyote HTTP/1.1 on http-8181
Jan 6, 2015 5:41:09 PM org.apache.catalina.core.StandardService stop
INFO: Stopping service Catalina
Jan 6, 2015 5:41:09 PM org.apache.coyote.http11.Http11BaseProtocol destroy
INFO: Stopping Coyote HTTP/1.1 on http-8181
Jan 6, 2015 5:41:09 PM org.apache.catalina.core.AprLifecycleListener lifecycleEvent
INFO: Failed shutdown of Apache Portable Runtime
Jan 6, 2015 5:41:32 PM org.apache.catalina.core.AprLifecycleListener lifecycleEvent
INFO: The Apache Tomcat Native library which allows optimal performance in production environments was not found on the java.library.path: /usr/java/jdk1.6.0_18/jre/lib/amd64/server:/usr/java/jdk1.6.0_18/jre/lib/amd64:/usr/java/jdk1.6.0_18/jre/../lib/amd64:/usr/java/packages/lib/amd64:/usr/lib64:/lib64:/lib:/usr/lib
Jan 6, 2015 5:41:32 PM org.apache.coyote.http11.Http11BaseProtocol init
INFO: Initializing Coyote HTTP/1.1 on http-8181
Jan 6, 2015 5:41:32 PM org.apache.catalina.startup.Catalina load
INFO: Initialization processed in 353 ms
Jan 6, 2015 5:41:32 PM org.apache.catalina.core.StandardService start
INFO: Starting service Catalina
Jan 6, 2015 5:41:32 PM org.apache.catalina.core.StandardEngine start
INFO: Starting Servlet Engine: Apache Tomcat/5.5.25
Jan 6, 2015 5:41:32 PM org.apache.catalina.core.StandardHost start
INFO: XML validation disabled
Jan 6, 2015 5:41:33 PM org.apache.catalina.startup.HostConfig deployWAR
INFO: Deploying web application archive openreports.war
Jan 6, 2015 5:41:35 PM org.apache.catalina.core.StandardContext start
SEVERE: Error listenerStart
Jan 6, 2015 5:41:35 PM org.apache.catalina.core.StandardContext start
SEVERE: Context [/openreports] startup failed due to previous errors
Jan 6, 2015 5:41:35 PM org.apache.coyote.http11.Http11BaseProtocol start
INFO: Starting Coyote HTTP/1.1 on http-8181
Jan 6, 2015 5:41:35 PM org.apache.jk.common.ChannelSocket init
INFO: JK: ajp13 listening on /0.0.0.0:8009
Jan 6, 2015 5:41:35 PM org.apache.jk.server.JkMain start
INFO: Jk running ID=0 time=0/10  config=null
Jan 6, 2015 5:41:35 PM org.apache.catalina.storeconfig.StoreLoader load
INFO: Find registry server-registry.xml at classpath resource
Jan 6, 2015 5:41:35 PM org.apache.catalina.startup.Catalina start
INFO: Server startup in 2585 ms
Jan 6, 2015 5:42:22 PM org.apache.coyote.http11.Http11BaseProtocol pause
INFO: Pausing Coyote HTTP/1.1 on http-8181
Jan 6, 2015 5:42:23 PM org.apache.catalina.core.StandardService stop
INFO: Stopping service Catalina
Jan 6, 2015 5:42:23 PM org.apache.coyote.http11.Http11BaseProtocol destroy
INFO: Stopping Coyote HTTP/1.1 on http-8181
Jan 6, 2015 5:42:23 PM org.apache.catalina.core.AprLifecycleListener lifecycleEvent
INFO: Failed shutdown of Apache Portable Runtime
Jan 6, 2015 5:45:17 PM org.apache.catalina.core.AprLifecycleListener lifecycleEvent
INFO: The Apache Tomcat Native library which allows optimal performance in production environments was not found on the java.library.path: /usr/java/jdk1.6.0_18/jre/lib/amd64/server:/usr/java/jdk1.6.0_18/jre/lib/amd64:/usr/java/jdk1.6.0_18/jre/../lib/amd64:/usr/java/packages/lib/amd64:/usr/lib64:/lib64:/lib:/usr/lib
Jan 6, 2015 5:45:17 PM org.apache.coyote.http11.Http11BaseProtocol init
INFO: Initializing Coyote HTTP/1.1 on http-8181
Jan 6, 2015 5:45:17 PM org.apache.catalina.startup.Catalina load
INFO: Initialization processed in 362 ms
Jan 6, 2015 5:45:17 PM org.apache.catalina.core.StandardService start
INFO: Starting service Catalina
Jan 6, 2015 5:45:17 PM org.apache.catalina.core.StandardEngine start
INFO: Starting Servlet Engine: Apache Tomcat/5.5.25
Jan 6, 2015 5:45:17 PM org.apache.catalina.core.StandardHost start
INFO: XML validation disabled
Jan 6, 2015 5:45:17 PM org.apache.catalina.startup.HostConfig deployWAR
INFO: Deploying web application archive openreports.war
Jan 6, 2015 5:45:19 PM org.apache.catalina.core.StandardContext start
SEVERE: Error listenerStart
Jan 6, 2015 5:45:19 PM org.apache.catalina.core.StandardContext start
SEVERE: Context [/openreports] startup failed due to previous errors
Jan 6, 2015 5:45:20 PM org.apache.coyote.http11.Http11BaseProtocol start
INFO: Starting Coyote HTTP/1.1 on http-8181
Jan 6, 2015 5:45:20 PM org.apache.jk.common.ChannelSocket init
INFO: JK: ajp13 listening on /0.0.0.0:8009
Jan 6, 2015 5:45:20 PM org.apache.jk.server.JkMain start
INFO: Jk running ID=0 time=0/8  config=null
Jan 6, 2015 5:45:20 PM org.apache.catalina.storeconfig.StoreLoader load
INFO: Find registry server-registry.xml at classpath resource
Jan 6, 2015 5:45:20 PM org.apache.catalina.startup.Catalina start
INFO: Server startup in 3211 ms
Jan 6, 2015 5:46:11 PM org.apache.catalina.core.AprLifecycleListener lifecycleEvent
INFO: The Apache Tomcat Native library which allows optimal performance in production environments was not found on the java.library.path: /usr/java/jdk1.6.0_18/jre/lib/amd64/server:/usr/java/jdk1.6.0_18/jre/lib/amd64:/usr/java/jdk1.6.0_18/jre/../lib/amd64:/usr/java/packages/lib/amd64:/usr/lib64:/lib64:/lib:/usr/lib
Jan 6, 2015 5:46:11 PM org.apache.coyote.http11.Http11BaseProtocol init
SEVERE: Error initializing endpoint
java.net.BindException: Address already in use:8181
	at org.apache.tomcat.util.net.PoolTcpEndpoint.initEndpoint(PoolTcpEndpoint.java:298)
	at org.apache.coyote.http11.Http11BaseProtocol.init(Http11BaseProtocol.java:139)
	at org.apache.catalina.connector.Connector.initialize(Connector.java:1017)
	at org.apache.catalina.core.StandardService.initialize(StandardService.java:578)
	at org.apache.catalina.core.StandardServer.initialize(StandardServer.java:782)
	at org.apache.catalina.startup.Catalina.load(Catalina.java:504)
	at org.apache.catalina.startup.Catalina.load(Catalina.java:524)
	at sun.reflect.NativeMethodAccessorImpl.invoke0(Native Method)
	at sun.reflect.NativeMethodAccessorImpl.invoke(NativeMethodAccessorImpl.java:39)
	at sun.reflect.DelegatingMethodAccessorImpl.invoke(DelegatingMethodAccessorImpl.java:25)
	at java.lang.reflect.Method.invoke(Method.java:597)
	at org.apache.catalina.startup.Bootstrap.load(Bootstrap.java:267)
	at org.apache.catalina.startup.Bootstrap.main(Bootstrap.java:432)
Jan 6, 2015 5:46:11 PM org.apache.catalina.startup.Catalina load
SEVERE: Catalina.start
LifecycleException:  Protocol handler initialization failed: java.net.BindException: Address already in use:8181
	at org.apache.catalina.connector.Connector.initialize(Connector.java:1019)
	at org.apache.catalina.core.StandardService.initialize(StandardService.java:578)
	at org.apache.catalina.core.StandardServer.initialize(StandardServer.java:782)
	at org.apache.catalina.startup.Catalina.load(Catalina.java:504)
	at org.apache.catalina.startup.Catalina.load(Catalina.java:524)
	at sun.reflect.NativeMethodAccessorImpl.invoke0(Native Method)
	at sun.reflect.NativeMethodAccessorImpl.invoke(NativeMethodAccessorImpl.java:39)
	at sun.reflect.DelegatingMethodAccessorImpl.invoke(DelegatingMethodAccessorImpl.java:25)
	at java.lang.reflect.Method.invoke(Method.java:597)
	at org.apache.catalina.startup.Bootstrap.load(Bootstrap.java:267)
	at org.apache.catalina.startup.Bootstrap.main(Bootstrap.java:432)
Jan 6, 2015 5:46:11 PM org.apache.catalina.startup.Catalina load
INFO: Initialization processed in 347 ms
Jan 6, 2015 5:46:11 PM org.apache.catalina.core.StandardService start
INFO: Starting service Catalina
Jan 6, 2015 5:46:11 PM org.apache.catalina.core.StandardEngine start
INFO: Starting Servlet Engine: Apache Tomcat/5.5.25
Jan 6, 2015 5:46:11 PM org.apache.catalina.core.StandardHost start
INFO: XML validation disabled
Jan 6, 2015 5:46:11 PM org.apache.catalina.startup.HostConfig deployWAR
INFO: Deploying web application archive openreports.war
Jan 6, 2015 5:46:14 PM org.apache.catalina.core.StandardContext start
SEVERE: Error listenerStart
Jan 6, 2015 5:46:14 PM org.apache.catalina.core.StandardContext start
SEVERE: Context [/openreports] startup failed due to previous errors
Jan 6, 2015 5:46:14 PM org.apache.coyote.http11.Http11BaseProtocol start
SEVERE: Error starting endpoint
java.net.BindException: Address already in use:8181
	at org.apache.tomcat.util.net.PoolTcpEndpoint.initEndpoint(PoolTcpEndpoint.java:298)
	at org.apache.tomcat.util.net.PoolTcpEndpoint.startEndpoint(PoolTcpEndpoint.java:313)
	at org.apache.coyote.http11.Http11BaseProtocol.start(Http11BaseProtocol.java:151)
	at org.apache.coyote.http11.Http11Protocol.start(Http11Protocol.java:76)
	at org.apache.catalina.connector.Connector.start(Connector.java:1090)
	at org.apache.catalina.core.StandardService.start(StandardService.java:457)
	at org.apache.catalina.core.StandardServer.start(StandardServer.java:700)
	at org.apache.catalina.startup.Catalina.start(Catalina.java:552)
	at sun.reflect.NativeMethodAccessorImpl.invoke0(Native Method)
	at sun.reflect.NativeMethodAccessorImpl.invoke(NativeMethodAccessorImpl.java:39)
	at sun.reflect.DelegatingMethodAccessorImpl.invoke(DelegatingMethodAccessorImpl.java:25)
	at java.lang.reflect.Method.invoke(Method.java:597)
	at org.apache.catalina.startup.Bootstrap.start(Bootstrap.java:295)
	at org.apache.catalina.startup.Bootstrap.main(Bootstrap.java:433)
Jan 6, 2015 5:46:14 PM org.apache.catalina.startup.Catalina start
SEVERE: Catalina.start: 
LifecycleException:  service.getName(): "Catalina";  Protocol handler start failed: java.net.BindException: Address already in use:8181
	at org.apache.catalina.connector.Connector.start(Connector.java:1097)
	at org.apache.catalina.core.StandardService.start(StandardService.java:457)
	at org.apache.catalina.core.StandardServer.start(StandardServer.java:700)
	at org.apache.catalina.startup.Catalina.start(Catalina.java:552)
	at sun.reflect.NativeMethodAccessorImpl.invoke0(Native Method)
	at sun.reflect.NativeMethodAccessorImpl.invoke(NativeMethodAccessorImpl.java:39)
	at sun.reflect.DelegatingMethodAccessorImpl.invoke(DelegatingMethodAccessorImpl.java:25)
	at java.lang.reflect.Method.invoke(Method.java:597)
	at org.apache.catalina.startup.Bootstrap.start(Bootstrap.java:295)
	at org.apache.catalina.startup.Bootstrap.main(Bootstrap.java:433)
Jan 6, 2015 5:46:14 PM org.apache.catalina.startup.Catalina start
INFO: Server startup in 2628 ms
Jan 6, 2015 5:46:14 PM org.apache.catalina.core.StandardServer await
SEVERE: StandardServer.await: create[8005]: 
java.net.BindException: Address already in use
	at java.net.PlainSocketImpl.socketBind(Native Method)
	at java.net.PlainSocketImpl.bind(PlainSocketImpl.java:365)
	at java.net.ServerSocket.bind(ServerSocket.java:319)
	at java.net.ServerSocket.<init>(ServerSocket.java:185)
	at org.apache.catalina.core.StandardServer.await(StandardServer.java:363)
	at org.apache.catalina.startup.Catalina.await(Catalina.java:616)
	at org.apache.catalina.startup.Catalina.start(Catalina.java:576)
	at sun.reflect.NativeMethodAccessorImpl.invoke0(Native Method)
	at sun.reflect.NativeMethodAccessorImpl.invoke(NativeMethodAccessorImpl.java:39)
	at sun.reflect.DelegatingMethodAccessorImpl.invoke(DelegatingMethodAccessorImpl.java:25)
	at java.lang.reflect.Method.invoke(Method.java:597)
	at org.apache.catalina.startup.Bootstrap.start(Bootstrap.java:295)
	at org.apache.catalina.startup.Bootstrap.main(Bootstrap.java:433)
Jan 6, 2015 5:46:14 PM org.apache.coyote.http11.Http11BaseProtocol pause
INFO: Pausing Coyote HTTP/1.1 on http-8181
Jan 6, 2015 5:46:14 PM org.apache.catalina.connector.Connector pause
SEVERE: Protocol handler pause failed
java.lang.NullPointerException
	at org.apache.jk.server.JkMain.pause(JkMain.java:679)
	at org.apache.jk.server.JkCoyoteHandler.pause(JkCoyoteHandler.java:163)
	at org.apache.catalina.connector.Connector.pause(Connector.java:1032)
	at org.apache.catalina.core.StandardService.stop(StandardService.java:489)
	at org.apache.catalina.core.StandardServer.stop(StandardServer.java:734)
	at org.apache.catalina.startup.Catalina.stop(Catalina.java:602)
	at org.apache.catalina.startup.Catalina$CatalinaShutdownHook.run(Catalina.java:645)
Jan 6, 2015 5:46:15 PM org.apache.catalina.core.StandardService stop
INFO: Stopping service Catalina
Jan 6, 2015 5:46:15 PM org.apache.catalina.connector.MapperListener destroy
WARNING: Error unregistering MBeanServerDelegate
java.lang.NullPointerException
	at org.apache.catalina.connector.MapperListener.destroy(MapperListener.java:162)
	at org.apache.catalina.connector.Connector.stop(Connector.java:1138)
	at org.apache.catalina.core.StandardService.stop(StandardService.java:519)
	at org.apache.catalina.core.StandardServer.stop(StandardServer.java:734)
	at org.apache.catalina.startup.Catalina.stop(Catalina.java:602)
	at org.apache.catalina.startup.Catalina$CatalinaShutdownHook.run(Catalina.java:645)
Jan 6, 2015 5:46:15 PM org.apache.coyote.http11.Http11BaseProtocol destroy
INFO: Stopping Coyote HTTP/1.1 on http-8181
Jan 6, 2015 5:46:15 PM org.apache.catalina.connector.Connector stop
SEVERE: Coyote connector has not been started
Jan 6, 2015 5:46:15 PM org.apache.catalina.core.AprLifecycleListener lifecycleEvent
INFO: Failed shutdown of Apache Portable Runtime
Jan 6, 2015 5:50:53 PM org.apache.coyote.http11.Http11BaseProtocol pause
INFO: Pausing Coyote HTTP/1.1 on http-8181
Jan 6, 2015 5:50:54 PM org.apache.catalina.core.StandardService stop
INFO: Stopping service Catalina
Jan 6, 2015 5:50:55 PM org.apache.coyote.http11.Http11BaseProtocol destroy
INFO: Stopping Coyote HTTP/1.1 on http-8181
Jan 6, 2015 5:50:55 PM org.apache.catalina.core.AprLifecycleListener lifecycleEvent
INFO: Failed shutdown of Apache Portable Runtime
Jan 6, 2015 5:51:33 PM org.apache.catalina.core.AprLifecycleListener lifecycleEvent
INFO: The Apache Tomcat Native library which allows optimal performance in production environments was not found on the java.library.path: /usr/java/jdk1.6.0_18/jre/lib/amd64/server:/usr/java/jdk1.6.0_18/jre/lib/amd64:/usr/java/jdk1.6.0_18/jre/../lib/amd64:/usr/java/packages/lib/amd64:/usr/lib64:/lib64:/lib:/usr/lib
Jan 6, 2015 5:51:34 PM org.apache.coyote.http11.Http11BaseProtocol init
INFO: Initializing Coyote HTTP/1.1 on http-8181
Jan 6, 2015 5:51:34 PM org.apache.catalina.startup.Catalina load
INFO: Initialization processed in 316 ms
Jan 6, 2015 5:51:34 PM org.apache.catalina.core.StandardService start
INFO: Starting service Catalina
Jan 6, 2015 5:51:34 PM org.apache.catalina.core.StandardEngine start
INFO: Starting Servlet Engine: Apache Tomcat/5.5.25
Jan 6, 2015 5:51:34 PM org.apache.catalina.core.StandardHost start
INFO: XML validation disabled
Jan 6, 2015 5:51:34 PM org.apache.catalina.startup.HostConfig deployWAR
INFO: Deploying web application archive openreports.war
Jan 6, 2015 5:51:36 PM org.apache.catalina.core.StandardContext start
SEVERE: Error listenerStart
Jan 6, 2015 5:51:36 PM org.apache.catalina.core.StandardContext start
SEVERE: Context [/openreports] startup failed due to previous errors
Jan 6, 2015 5:51:36 PM org.apache.coyote.http11.Http11BaseProtocol start
INFO: Starting Coyote HTTP/1.1 on http-8181
Jan 6, 2015 5:51:36 PM org.apache.jk.common.ChannelSocket init
INFO: JK: ajp13 listening on /0.0.0.0:8009
Jan 6, 2015 5:51:36 PM org.apache.jk.server.JkMain start
INFO: Jk running ID=0 time=0/9  config=null
Jan 6, 2015 5:51:36 PM org.apache.catalina.storeconfig.StoreLoader load
INFO: Find registry server-registry.xml at classpath resource
Jan 6, 2015 5:51:36 PM org.apache.catalina.startup.Catalina start
INFO: Server startup in 2550 ms
Jan 6, 2015 5:52:42 PM org.apache.coyote.http11.Http11BaseProtocol pause
INFO: Pausing Coyote HTTP/1.1 on http-8181
Jan 6, 2015 5:52:43 PM org.apache.catalina.core.StandardService stop
INFO: Stopping service Catalina
Jan 6, 2015 5:52:43 PM org.apache.coyote.http11.Http11BaseProtocol destroy
INFO: Stopping Coyote HTTP/1.1 on http-8181
Jan 6, 2015 5:52:43 PM org.apache.catalina.core.AprLifecycleListener lifecycleEvent
INFO: Failed shutdown of Apache Portable Runtime
Jan 6, 2015 5:53:57 PM org.apache.catalina.startup.Catalina stopServer
SEVERE: Catalina.stop: 
java.net.ConnectException: Connection refused
	at java.net.PlainSocketImpl.socketConnect(Native Method)
	at java.net.PlainSocketImpl.doConnect(PlainSocketImpl.java:333)
	at java.net.PlainSocketImpl.connectToAddress(PlainSocketImpl.java:195)
	at java.net.PlainSocketImpl.connect(PlainSocketImpl.java:182)
	at java.net.SocksSocketImpl.connect(SocksSocketImpl.java:366)
	at java.net.Socket.connect(Socket.java:525)
	at java.net.Socket.connect(Socket.java:475)
	at java.net.Socket.<init>(Socket.java:372)
	at java.net.Socket.<init>(Socket.java:186)
	at org.apache.catalina.startup.Catalina.stopServer(Catalina.java:395)
	at sun.reflect.NativeMethodAccessorImpl.invoke0(Native Method)
	at sun.reflect.NativeMethodAccessorImpl.invoke(NativeMethodAccessorImpl.java:39)
	at sun.reflect.DelegatingMethodAccessorImpl.invoke(DelegatingMethodAccessorImpl.java:25)
	at java.lang.reflect.Method.invoke(Method.java:597)
	at org.apache.catalina.startup.Bootstrap.stopServer(Bootstrap.java:344)
	at org.apache.catalina.startup.Bootstrap.main(Bootstrap.java:435)
Jan 6, 2015 5:54:12 PM org.apache.catalina.core.AprLifecycleListener lifecycleEvent
INFO: The Apache Tomcat Native library which allows optimal performance in production environments was not found on the java.library.path: /usr/java/jdk1.6.0_18/jre/lib/amd64/server:/usr/java/jdk1.6.0_18/jre/lib/amd64:/usr/java/jdk1.6.0_18/jre/../lib/amd64:/usr/java/packages/lib/amd64:/usr/lib64:/lib64:/lib:/usr/lib
Jan 6, 2015 5:54:12 PM org.apache.coyote.http11.Http11BaseProtocol init
INFO: Initializing Coyote HTTP/1.1 on http-8181
Jan 6, 2015 5:54:12 PM org.apache.catalina.startup.Catalina load
INFO: Initialization processed in 328 ms
Jan 6, 2015 5:54:12 PM org.apache.catalina.core.StandardService start
INFO: Starting service Catalina
Jan 6, 2015 5:54:12 PM org.apache.catalina.core.StandardEngine start
INFO: Starting Servlet Engine: Apache Tomcat/5.5.25
Jan 6, 2015 5:54:12 PM org.apache.catalina.core.StandardHost start
INFO: XML validation disabled
Jan 6, 2015 5:54:12 PM org.apache.catalina.startup.HostConfig deployWAR
INFO: Deploying web application archive openreports.war
Jan 6, 2015 5:54:14 PM org.apache.catalina.core.StandardContext start
SEVERE: Error listenerStart
Jan 6, 2015 5:54:14 PM org.apache.catalina.core.StandardContext start
SEVERE: Context [/openreports] startup failed due to previous errors
Jan 6, 2015 5:54:14 PM org.apache.coyote.http11.Http11BaseProtocol start
INFO: Starting Coyote HTTP/1.1 on http-8181
Jan 6, 2015 5:54:14 PM org.apache.jk.common.ChannelSocket init
INFO: JK: ajp13 listening on /0.0.0.0:8009
Jan 6, 2015 5:54:14 PM org.apache.jk.server.JkMain start
INFO: Jk running ID=0 time=0/38  config=null
Jan 6, 2015 5:54:14 PM org.apache.catalina.storeconfig.StoreLoader load
INFO: Find registry server-registry.xml at classpath resource
Jan 6, 2015 5:54:14 PM org.apache.catalina.startup.Catalina start
INFO: Server startup in 2402 ms
Jan 6, 2015 5:54:25 PM org.apache.coyote.http11.Http11BaseProtocol pause
INFO: Pausing Coyote HTTP/1.1 on http-8181
Jan 6, 2015 5:54:26 PM org.apache.catalina.core.StandardService stop
INFO: Stopping service Catalina
Jan 6, 2015 5:54:26 PM org.apache.coyote.http11.Http11BaseProtocol destroy
INFO: Stopping Coyote HTTP/1.1 on http-8181
Jan 6, 2015 5:54:26 PM org.apache.catalina.core.AprLifecycleListener lifecycleEvent
INFO: Failed shutdown of Apache Portable Runtime
Jan 6, 2015 6:27:16 PM org.apache.catalina.core.AprLifecycleListener lifecycleEvent
INFO: The Apache Tomcat Native library which allows optimal performance in production environments was not found on the java.library.path: /usr/java/jdk1.6.0_18/jre/lib/amd64/server:/usr/java/jdk1.6.0_18/jre/lib/amd64:/usr/java/jdk1.6.0_18/jre/../lib/amd64:/usr/java/packages/lib/amd64:/usr/lib64:/lib64:/lib:/usr/lib
Jan 6, 2015 6:27:16 PM org.apache.coyote.http11.Http11BaseProtocol init
INFO: Initializing Coyote HTTP/1.1 on http-8181
Jan 6, 2015 6:27:16 PM org.apache.catalina.startup.Catalina load
INFO: Initialization processed in 845 ms
Jan 6, 2015 6:27:16 PM org.apache.catalina.core.StandardService start
INFO: Starting service Catalina
Jan 6, 2015 6:27:16 PM org.apache.catalina.core.StandardEngine start
INFO: Starting Servlet Engine: Apache Tomcat/5.5.25
Jan 6, 2015 6:27:16 PM org.apache.catalina.core.StandardHost start
INFO: XML validation disabled
Jan 6, 2015 6:27:17 PM org.apache.catalina.startup.HostConfig deployWAR
INFO: Deploying web application archive openreports.war
Jan 6, 2015 6:27:28 PM org.eclipse.birt.report.engine.api.impl.ReportEngine <init>
FINE: ReportEngine created. EngineConfig: EngineConfig: org.eclipse.birt.report.engine.api.EngineConfig.scriptObjects={};BIRT_HOME=;logLevel=ALL;PLATFORM_CONTEXT=org.eclipse.birt.core.framework.PlatformServletContext@6f9bc716;org.eclipse.birt.report.engine.api.EngineConfig.emitterConfigs={html=org.eclipse.birt.report.engine.api.HTMLRenderOption@5c2bae98};logDest=<null>; 
Jan 6, 2015 6:27:28 PM org.eclipse.birt.report.engine.extension.internal.ExtensionManager getExtensions
FINE: Start load extension point: org.eclipse.birt.report.engine.reportitemGeneration
Jan 6, 2015 6:27:28 PM org.eclipse.birt.report.engine.extension.internal.ExtensionManager loadGenerationExtensionDefns
FINE: Load generation extension: Chart
Jan 6, 2015 6:27:28 PM org.eclipse.birt.report.engine.extension.internal.ExtensionManager getExtensions
FINE: Start load extension point: org.eclipse.birt.report.engine.reportitemPresentation
Jan 6, 2015 6:27:28 PM org.eclipse.birt.report.engine.extension.internal.ExtensionManager loadPresentationExtensionDefns
FINE: Load prsentation extension: Chart
Jan 6, 2015 6:27:28 PM org.eclipse.birt.report.engine.extension.internal.ExtensionManager getExtensions
FINE: Start load extension point: org.eclipse.birt.report.engine.reportitemQuery
Jan 6, 2015 6:27:28 PM org.eclipse.birt.report.engine.extension.internal.ExtensionManager loadQueryExtensionDefns
FINE: Load query extension: Chart
Jan 6, 2015 6:27:28 PM org.eclipse.birt.report.engine.extension.internal.ExtensionManager getExtensions
FINE: Start load extension point: org.eclipse.birt.report.engine.emitters
Jan 6, 2015 6:27:28 PM org.eclipse.birt.report.engine.extension.internal.ExtensionManager loadEmitterExtensionDefns
FINE: Load ppt emitter org.eclipse.birt.report.engine.emitter.ppt
Jan 6, 2015 6:27:28 PM org.eclipse.birt.report.engine.extension.internal.ExtensionManager loadEmitterExtensionDefns
FINE: Load xls emitter org.eclipse.birt.report.engine.emitter.prototype.excel
Jan 6, 2015 6:27:28 PM org.eclipse.birt.report.engine.extension.internal.ExtensionManager loadEmitterExtensionDefns
FINE: Load doc emitter org.eclipse.birt.report.engine.emitter.word
Jan 6, 2015 6:27:28 PM org.eclipse.birt.report.engine.extension.internal.ExtensionManager loadEmitterExtensionDefns
FINE: Load postscript emitter org.eclipse.birt.report.engine.emitter.postscript
Jan 6, 2015 6:27:28 PM org.eclipse.birt.report.engine.extension.internal.ExtensionManager loadEmitterExtensionDefns
FINE: Load pdf emitter org.eclipse.birt.report.engine.emitter.pdf
Jan 6, 2015 6:27:28 PM org.eclipse.birt.report.engine.extension.internal.ExtensionManager loadEmitterExtensionDefns
FINE: Load html emitter org.eclipse.birt.report.engine.emitter.html
Jan 6, 2015 6:27:28 PM org.eclipse.birt.report.engine.extension.internal.ExtensionManager getExtensions
FINE: Start load extension point: org.eclipse.birt.report.engine.reportEventHandler
Jan 6, 2015 6:27:28 PM org.eclipse.birt.report.engine.extension.internal.ExtensionManager getExtensions
FINE: Start load extension point: org.eclipse.birt.report.engine.reportItemPreparation
Jan 6, 2015 6:27:28 PM org.eclipse.birt.report.engine.extension.internal.ExtensionManager getExtensions
FINE: Start load extension point: org.eclipse.birt.report.engine.dataExtraction
Jan 6, 2015 6:27:28 PM org.eclipse.birt.report.engine.extension.internal.ExtensionManager loadDataExtractionExtensions
FINE: Load data extraction extension: org.eclipse.birt.report.engine.dataextraction.csv
Jan 6, 2015 6:27:28 PM org.eclipse.birt.report.engine.extension.internal.ExtensionManager getExtensions
FINE: Start load extension point: org.eclipse.birt.report.engine.extendedItemFactory
Jan 6, 2015 6:27:28 PM org.eclipse.birt.report.engine.extension.internal.ExtensionManager loadExtendedItems
FINE: Load extendedItem extension: Crosstab
Jan 6, 2015 6:27:28 PM org.eclipse.birt.report.engine.extension.internal.ExtensionManager loadExtendedItems
FINE: Load extendedItem extension: CrosstabCell
Jan 6, 2015 6:27:28 PM org.eclipse.birt.report.engine.extension.internal.ExtensionManager loadExtendedItems
FINE: Load extendedItem extension: AggregationCell
Jan 6, 2015 6:27:30 PM org.apache.coyote.http11.Http11BaseProtocol start
INFO: Starting Coyote HTTP/1.1 on http-8181
Jan 6, 2015 6:27:30 PM org.apache.jk.common.ChannelSocket init
INFO: JK: ajp13 listening on /0.0.0.0:8009
Jan 6, 2015 6:27:30 PM org.apache.jk.server.JkMain start
INFO: Jk running ID=0 time=0/53  config=null
Jan 6, 2015 6:27:30 PM org.apache.catalina.storeconfig.StoreLoader load
INFO: Find registry server-registry.xml at classpath resource
Jan 6, 2015 6:27:30 PM org.apache.catalina.startup.Catalina start
INFO: Server startup in 13796 ms
