Apr 29, 2014 2:31:43 PM org.eclipse.birt.report.engine.api.impl.RunAndRenderTask doRun
SEVERE: An error happened while running the report. Cause:
java.lang.ClassCastException: org.apache.xerces.parsers.StandardParserConfiguration cannot be cast to org.apache.xerces.xni.parser.XMLParserConfiguration
	at org.apache.xerces.parsers.DOMParser.<init>(DOMParser.java:153)
	at org.apache.xerces.parsers.DOMParser.<init>(DOMParser.java:137)
	at org.apache.xerces.jaxp.DocumentBuilderImpl.<init>(DocumentBuilderImpl.java:102)
	at org.apache.xerces.jaxp.DocumentBuilderFactoryImpl.newDocumentBuilder(DocumentBuilderFactoryImpl.java:88)
	at org.eclipse.birt.report.engine.parser.HTMLTextParser.parseHTML(HTMLTextParser.java:139)
	at org.eclipse.birt.report.engine.parser.TextParser.parse(TextParser.java:111)
	at org.eclipse.birt.report.engine.emitter.html.HTMLReportEmitter.outputHtmlText(HTMLReportEmitter.java:2041)
	at org.eclipse.birt.report.engine.emitter.html.HTMLReportEmitter.startForeign(HTMLReportEmitter.java:2022)
	at org.eclipse.birt.report.engine.presentation.ContentEmitterVisitor.visitForeign(ContentEmitterVisitor.java:138)
	at org.eclipse.birt.report.engine.content.impl.ForeignContent.accept(ForeignContent.java:69)
	at org.eclipse.birt.report.engine.presentation.ContentEmitterVisitor.visit(ContentEmitterVisitor.java:50)
	at org.eclipse.birt.report.engine.presentation.ContentEmitterVisitor.visitChildren(ContentEmitterVisitor.java:156)
	at org.eclipse.birt.report.engine.emitter.html.HTMLReportEmitter.outputPageBand(HTMLReportEmitter.java:1007)
	at org.eclipse.birt.report.engine.emitter.html.HTMLReportEmitter.endPage(HTMLReportEmitter.java:1279)
	at org.eclipse.birt.report.engine.emitter.CompositeContentEmitter.endPage(CompositeContentEmitter.java:168)
	at org.eclipse.birt.report.engine.emitter.ContentEmitterUtil.endContent(ContentEmitterUtil.java:99)
	at org.eclipse.birt.report.engine.layout.html.buffer.DummyPageBuffer.endContainer(DummyPageBuffer.java:58)
	at org.eclipse.birt.report.engine.layout.html.HTMLPageLM.end(HTMLPageLM.java:182)
	at org.eclipse.birt.report.engine.layout.html.HTMLPageLM.layout(HTMLPageLM.java:96)
	at org.eclipse.birt.report.engine.layout.html.HTMLReportLayoutEngine.layout(HTMLReportLayoutEngine.java:101)
	at org.eclipse.birt.report.engine.api.impl.RunAndRenderTask.doRun(RunAndRenderTask.java:151)
	at org.eclipse.birt.report.engine.api.impl.RunAndRenderTask.run(RunAndRenderTask.java:72)
	at org.efs.openreports.engine.BirtReportEngine.generateReport(BirtReportEngine.java:154)
	at org.efs.openreports.actions.ReportRunAction.execute(ReportRunAction.java:163)
	at sun.reflect.NativeMethodAccessorImpl.invoke0(Native Method)
	at sun.reflect.NativeMethodAccessorImpl.invoke(NativeMethodAccessorImpl.java:62)
	at sun.reflect.DelegatingMethodAccessorImpl.invoke(DelegatingMethodAccessorImpl.java:43)
	at java.lang.reflect.Method.invoke(Method.java:483)
	at com.opensymphony.xwork2.DefaultActionInvocation.invokeAction(DefaultActionInvocation.java:404)
	at com.opensymphony.xwork2.DefaultActionInvocation.invokeActionOnly(DefaultActionInvocation.java:267)
	at com.opensymphony.xwork2.DefaultActionInvocation.invoke(DefaultActionInvocation.java:229)
	at org.efs.openreports.interceptors.SecurityInterceptor.intercept(SecurityInterceptor.java:58)
	at com.opensymphony.xwork2.DefaultActionInvocation$2.doProfiling(DefaultActionInvocation.java:224)
	at com.opensymphony.xwork2.DefaultActionInvocation$2.doProfiling(DefaultActionInvocation.java:223)
	at com.opensymphony.xwork2.util.profiling.UtilTimerStack.profile(UtilTimerStack.java:455)
	at com.opensymphony.xwork2.DefaultActionInvocation.invoke(DefaultActionInvocation.java:221)
	at org.efs.openreports.interceptors.BreadcrumbsInterceptor.intercept(BreadcrumbsInterceptor.java:53)
	at com.opensymphony.xwork2.DefaultActionInvocation$2.doProfiling(DefaultActionInvocation.java:224)
	at com.opensymphony.xwork2.DefaultActionInvocation$2.doProfiling(DefaultActionInvocation.java:223)
	at com.opensymphony.xwork2.util.profiling.UtilTimerStack.profile(UtilTimerStack.java:455)
	at com.opensymphony.xwork2.DefaultActionInvocation.invoke(DefaultActionInvocation.java:221)
	at com.opensymphony.xwork2.interceptor.ParametersInterceptor.doIntercept(ParametersInterceptor.java:167)
	at com.opensymphony.xwork2.interceptor.MethodFilterInterceptor.intercept(MethodFilterInterceptor.java:86)
	at com.opensymphony.xwork2.DefaultActionInvocation$2.doProfiling(DefaultActionInvocation.java:224)
	at com.opensymphony.xwork2.DefaultActionInvocation$2.doProfiling(DefaultActionInvocation.java:223)
	at com.opensymphony.xwork2.util.profiling.UtilTimerStack.profile(UtilTimerStack.java:455)
	at com.opensymphony.xwork2.DefaultActionInvocation.invoke(DefaultActionInvocation.java:221)
	at com.opensymphony.xwork2.interceptor.StaticParametersInterceptor.intercept(StaticParametersInterceptor.java:105)
	at com.opensymphony.xwork2.DefaultActionInvocation$2.doProfiling(DefaultActionInvocation.java:224)
	at com.opensymphony.xwork2.DefaultActionInvocation$2.doProfiling(DefaultActionInvocation.java:223)
	at com.opensymphony.xwork2.util.profiling.UtilTimerStack.profile(UtilTimerStack.java:455)
	at com.opensymphony.xwork2.DefaultActionInvocation.invoke(DefaultActionInvocation.java:221)
	at org.apache.struts2.interceptor.FileUploadInterceptor.intercept(FileUploadInterceptor.java:207)
	at com.opensymphony.xwork2.DefaultActionInvocation$2.doProfiling(DefaultActionInvocation.java:224)
	at com.opensymphony.xwork2.DefaultActionInvocation$2.doProfiling(DefaultActionInvocation.java:223)
	at com.opensymphony.xwork2.util.profiling.UtilTimerStack.profile(UtilTimerStack.java:455)
	at com.opensymphony.xwork2.DefaultActionInvocation.invoke(DefaultActionInvocation.java:221)
	at org.apache.struts2.interceptor.ServletConfigInterceptor.intercept(ServletConfigInterceptor.java:170)
	at com.opensymphony.xwork2.DefaultActionInvocation$2.doProfiling(DefaultActionInvocation.java:224)
	at com.opensymphony.xwork2.DefaultActionInvocation$2.doProfiling(DefaultActionInvocation.java:223)
	at com.opensymphony.xwork2.util.profiling.UtilTimerStack.profile(UtilTimerStack.java:455)
	at com.opensymphony.xwork2.DefaultActionInvocation.invoke(DefaultActionInvocation.java:221)
	at org.apache.struts2.impl.StrutsActionProxy.execute(StrutsActionProxy.java:50)
	at com.opensymphony.xwork2.ActionChainResult.execute(ActionChainResult.java:229)
	at com.opensymphony.xwork2.DefaultActionInvocation.executeResult(DefaultActionInvocation.java:348)
	at com.opensymphony.xwork2.DefaultActionInvocation.invoke(DefaultActionInvocation.java:253)
	at org.efs.openreports.interceptors.SecurityInterceptor.intercept(SecurityInterceptor.java:58)
	at com.opensymphony.xwork2.DefaultActionInvocation$2.doProfiling(DefaultActionInvocation.java:224)
	at com.opensymphony.xwork2.DefaultActionInvocation$2.doProfiling(DefaultActionInvocation.java:223)
	at com.opensymphony.xwork2.util.profiling.UtilTimerStack.profile(UtilTimerStack.java:455)
	at com.opensymphony.xwork2.DefaultActionInvocation.invoke(DefaultActionInvocation.java:221)
	at org.efs.openreports.interceptors.BreadcrumbsInterceptor.intercept(BreadcrumbsInterceptor.java:53)
	at com.opensymphony.xwork2.DefaultActionInvocation$2.doProfiling(DefaultActionInvocation.java:224)
	at com.opensymphony.xwork2.DefaultActionInvocation$2.doProfiling(DefaultActionInvocation.java:223)
	at com.opensymphony.xwork2.util.profiling.UtilTimerStack.profile(UtilTimerStack.java:455)
	at com.opensymphony.xwork2.DefaultActionInvocation.invoke(DefaultActionInvocation.java:221)
	at com.opensymphony.xwork2.interceptor.ParametersInterceptor.doIntercept(ParametersInterceptor.java:167)
	at com.opensymphony.xwork2.interceptor.MethodFilterInterceptor.intercept(MethodFilterInterceptor.java:86)
	at com.opensymphony.xwork2.DefaultActionInvocation$2.doProfiling(DefaultActionInvocation.java:224)
	at com.opensymphony.xwork2.DefaultActionInvocation$2.doProfiling(DefaultActionInvocation.java:223)
	at com.opensymphony.xwork2.util.profiling.UtilTimerStack.profile(UtilTimerStack.java:455)
	at com.opensymphony.xwork2.DefaultActionInvocation.invoke(DefaultActionInvocation.java:221)
	at com.opensymphony.xwork2.interceptor.StaticParametersInterceptor.intercept(StaticParametersInterceptor.java:105)
	at com.opensymphony.xwork2.DefaultActionInvocation$2.doProfiling(DefaultActionInvocation.java:224)
	at com.opensymphony.xwork2.DefaultActionInvocation$2.doProfiling(DefaultActionInvocation.java:223)
	at com.opensymphony.xwork2.util.profiling.UtilTimerStack.profile(UtilTimerStack.java:455)
	at com.opensymphony.xwork2.DefaultActionInvocation.invoke(DefaultActionInvocation.java:221)
	at org.apache.struts2.interceptor.FileUploadInterceptor.intercept(FileUploadInterceptor.java:207)
	at com.opensymphony.xwork2.DefaultActionInvocation$2.doProfiling(DefaultActionInvocation.java:224)
	at com.opensymphony.xwork2.DefaultActionInvocation$2.doProfiling(DefaultActionInvocation.java:223)
	at com.opensymphony.xwork2.util.profiling.UtilTimerStack.profile(UtilTimerStack.java:455)
	at com.opensymphony.xwork2.DefaultActionInvocation.invoke(DefaultActionInvocation.java:221)
	at org.apache.struts2.interceptor.ServletConfigInterceptor.intercept(ServletConfigInterceptor.java:170)
	at com.opensymphony.xwork2.DefaultActionInvocation$2.doProfiling(DefaultActionInvocation.java:224)
	at com.opensymphony.xwork2.DefaultActionInvocation$2.doProfiling(DefaultActionInvocation.java:223)
	at com.opensymphony.xwork2.util.profiling.UtilTimerStack.profile(UtilTimerStack.java:455)
	at com.opensymphony.xwork2.DefaultActionInvocation.invoke(DefaultActionInvocation.java:221)
	at org.apache.struts2.impl.StrutsActionProxy.execute(StrutsActionProxy.java:50)
	at org.apache.struts2.dispatcher.Dispatcher.serviceAction(Dispatcher.java:504)
	at org.apache.struts2.dispatcher.FilterDispatcher.doFilter(FilterDispatcher.java:419)
	at org.apache.catalina.core.ApplicationFilterChain.internalDoFilter(ApplicationFilterChain.java:215)
	at org.apache.catalina.core.ApplicationFilterChain.doFilter(ApplicationFilterChain.java:188)
	at org.displaytag.filter.ResponseOverrideFilter.doFilter(ResponseOverrideFilter.java:125)
	at org.apache.catalina.core.ApplicationFilterChain.internalDoFilter(ApplicationFilterChain.java:215)
	at org.apache.catalina.core.ApplicationFilterChain.doFilter(ApplicationFilterChain.java:188)
	at org.apache.catalina.core.StandardWrapperValve.invoke(StandardWrapperValve.java:213)
	at org.apache.catalina.core.StandardContextValve.invoke(StandardContextValve.java:174)
	at org.apache.catalina.core.StandardHostValve.invoke(StandardHostValve.java:127)
	at org.apache.catalina.valves.ErrorReportValve.invoke(ErrorReportValve.java:117)
	at org.apache.catalina.core.StandardEngineValve.invoke(StandardEngineValve.java:108)
	at org.apache.catalina.connector.CoyoteAdapter.service(CoyoteAdapter.java:151)
	at org.apache.coyote.http11.Http11Processor.process(Http11Processor.java:874)
	at org.apache.coyote.http11.Http11BaseProtocol$Http11ConnectionHandler.processConnection(Http11BaseProtocol.java:665)
	at org.apache.tomcat.util.net.PoolTcpEndpoint.processSocket(PoolTcpEndpoint.java:528)
	at org.apache.tomcat.util.net.LeaderFollowerWorkerThread.runIt(LeaderFollowerWorkerThread.java:81)
	at org.apache.tomcat.util.threads.ThreadPool$ControlRunnable.run(ThreadPool.java:689)
	at java.lang.Thread.run(Thread.java:744)

Apr 29, 2014 2:33:57 PM org.eclipse.birt.report.engine.api.impl.RunAndRenderTask doRun
SEVERE: An error happened while running the report. Cause:
java.lang.ClassCastException: org.apache.xerces.parsers.StandardParserConfiguration cannot be cast to org.apache.xerces.xni.parser.XMLParserConfiguration
	at org.apache.xerces.parsers.DOMParser.<init>(DOMParser.java:153)
	at org.apache.xerces.parsers.DOMParser.<init>(DOMParser.java:137)
	at org.apache.xerces.jaxp.DocumentBuilderImpl.<init>(DocumentBuilderImpl.java:102)
	at org.apache.xerces.jaxp.DocumentBuilderFactoryImpl.newDocumentBuilder(DocumentBuilderFactoryImpl.java:88)
	at org.eclipse.birt.report.engine.parser.HTMLTextParser.parseHTML(HTMLTextParser.java:139)
	at org.eclipse.birt.report.engine.parser.TextParser.parse(TextParser.java:111)
	at org.eclipse.birt.report.engine.layout.pdf.util.HTML2Content.processForeignData(HTML2Content.java:330)
	at org.eclipse.birt.report.engine.layout.pdf.util.HTML2Content.html2Content(HTML2Content.java:311)
	at org.eclipse.birt.report.engine.layout.pdf.emitter.PDFLayoutEmitter.startForeign(PDFLayoutEmitter.java:493)
	at org.eclipse.birt.report.engine.emitter.ContentEmitterUtil.startContent(ContentEmitterUtil.java:75)
	at org.eclipse.birt.report.engine.layout.pdf.emitter.Layout.visitContent(Layout.java:365)
	at org.eclipse.birt.report.engine.layout.pdf.emitter.Layout.visitContent(Layout.java:373)
	at org.eclipse.birt.report.engine.layout.pdf.emitter.RegionLayout.layout(RegionLayout.java:55)
	at org.eclipse.birt.report.engine.layout.pdf.emitter.PageLayout.layoutFooter(PageLayout.java:162)
	at org.eclipse.birt.report.engine.layout.pdf.emitter.PageLayout.initialize(PageLayout.java:81)
	at org.eclipse.birt.report.engine.layout.pdf.emitter.PDFLayoutEmitter._startContainer(PDFLayoutEmitter.java:219)
	at org.eclipse.birt.report.engine.layout.pdf.emitter.PDFLayoutEmitter.startContainer(PDFLayoutEmitter.java:184)
	at org.eclipse.birt.report.engine.emitter.ContentEmitterAdapter.startPage(ContentEmitterAdapter.java:64)
	at org.eclipse.birt.report.engine.layout.pdf.emitter.PDFLayoutEmitter.startPage(PDFLayoutEmitter.java:329)
	at org.eclipse.birt.report.engine.layout.pdf.emitter.WrappedPDFLayoutEmitter.startPage(WrappedPDFLayoutEmitter.java:183)
	at org.eclipse.birt.report.engine.layout.pdf.emitter.PDFLayoutEmitterProxy.startPage(PDFLayoutEmitterProxy.java:273)
	at org.eclipse.birt.report.engine.emitter.CompositeContentEmitter.startPage(CompositeContentEmitter.java:284)
	at org.eclipse.birt.report.engine.emitter.ContentEmitterUtil.startContent(ContentEmitterUtil.java:45)
	at org.eclipse.birt.report.engine.layout.html.buffer.PageNode.start(PageNode.java:48)
	at org.eclipse.birt.report.engine.layout.html.buffer.ContainerBufferNode.start(ContainerBufferNode.java:78)
	at org.eclipse.birt.report.engine.layout.html.buffer.ContainerBufferNode.start(ContainerBufferNode.java:78)
	at org.eclipse.birt.report.engine.layout.html.buffer.ContainerBufferNode.start(ContainerBufferNode.java:78)
	at org.eclipse.birt.report.engine.layout.html.buffer.ContainerBufferNode.start(ContainerBufferNode.java:78)
	at org.eclipse.birt.report.engine.layout.html.buffer.HTMLPageBuffer.startContent(HTMLPageBuffer.java:112)
	at org.eclipse.birt.report.engine.layout.html.buffer.TableBreakBuffer.startContent(TableBreakBuffer.java:227)
	at org.eclipse.birt.report.engine.layout.html.HTMLLeafItemLM.start(HTMLLeafItemLM.java:50)
	at org.eclipse.birt.report.engine.layout.html.HTMLAbstractLM.layout(HTMLAbstractLM.java:132)
	at org.eclipse.birt.report.engine.layout.html.HTMLBlockStackingLM.layoutNodes(HTMLBlockStackingLM.java:68)
	at org.eclipse.birt.report.engine.layout.html.HTMLStackingLM.layoutChildren(HTMLStackingLM.java:27)
	at org.eclipse.birt.report.engine.layout.html.HTMLAbstractLM.layout(HTMLAbstractLM.java:133)
	at org.eclipse.birt.report.engine.layout.html.HTMLInlineStackingLM.resumeLayout(HTMLInlineStackingLM.java:104)
	at org.eclipse.birt.report.engine.layout.html.HTMLInlineStackingLM.layoutNodes(HTMLInlineStackingLM.java:153)
	at org.eclipse.birt.report.engine.layout.html.HTMLStackingLM.layoutChildren(HTMLStackingLM.java:27)
	at org.eclipse.birt.report.engine.layout.html.HTMLAbstractLM.layout(HTMLAbstractLM.java:133)
	at org.eclipse.birt.report.engine.layout.html.HTMLBlockStackingLM.layoutNodes(HTMLBlockStackingLM.java:68)
	at org.eclipse.birt.report.engine.layout.html.HTMLStackingLM.layoutChildren(HTMLStackingLM.java:27)
	at org.eclipse.birt.report.engine.layout.html.HTMLTableBandLM.layoutChildren(HTMLTableBandLM.java:65)
	at org.eclipse.birt.report.engine.layout.html.HTMLAbstractLM.layout(HTMLAbstractLM.java:133)
	at org.eclipse.birt.report.engine.layout.html.HTMLBlockStackingLM.layoutNodes(HTMLBlockStackingLM.java:68)
	at org.eclipse.birt.report.engine.layout.html.HTMLStackingLM.layoutChildren(HTMLStackingLM.java:27)
	at org.eclipse.birt.report.engine.layout.html.HTMLTableLM.layoutChildren(HTMLTableLM.java:76)
	at org.eclipse.birt.report.engine.layout.html.HTMLAbstractLM.layout(HTMLAbstractLM.java:133)
	at org.eclipse.birt.report.engine.layout.html.HTMLBlockStackingLM.layoutNodes(HTMLBlockStackingLM.java:68)
	at org.eclipse.birt.report.engine.layout.html.HTMLPageLM.layout(HTMLPageLM.java:90)
	at org.eclipse.birt.report.engine.layout.html.HTMLReportLayoutEngine.layout(HTMLReportLayoutEngine.java:101)
	at org.eclipse.birt.report.engine.api.impl.RunAndRenderTask.doRun(RunAndRenderTask.java:151)
	at org.eclipse.birt.report.engine.api.impl.RunAndRenderTask.run(RunAndRenderTask.java:72)
	at org.efs.openreports.engine.BirtReportEngine.generateReport(BirtReportEngine.java:154)
	at org.efs.openreports.actions.ReportRunAction.execute(ReportRunAction.java:163)
	at sun.reflect.NativeMethodAccessorImpl.invoke0(Native Method)
	at sun.reflect.NativeMethodAccessorImpl.invoke(NativeMethodAccessorImpl.java:62)
	at sun.reflect.DelegatingMethodAccessorImpl.invoke(DelegatingMethodAccessorImpl.java:43)
	at java.lang.reflect.Method.invoke(Method.java:483)
	at com.opensymphony.xwork2.DefaultActionInvocation.invokeAction(DefaultActionInvocation.java:404)
	at com.opensymphony.xwork2.DefaultActionInvocation.invokeActionOnly(DefaultActionInvocation.java:267)
	at com.opensymphony.xwork2.DefaultActionInvocation.invoke(DefaultActionInvocation.java:229)
	at org.efs.openreports.interceptors.SecurityInterceptor.intercept(SecurityInterceptor.java:58)
	at com.opensymphony.xwork2.DefaultActionInvocation$2.doProfiling(DefaultActionInvocation.java:224)
	at com.opensymphony.xwork2.DefaultActionInvocation$2.doProfiling(DefaultActionInvocation.java:223)
	at com.opensymphony.xwork2.util.profiling.UtilTimerStack.profile(UtilTimerStack.java:455)
	at com.opensymphony.xwork2.DefaultActionInvocation.invoke(DefaultActionInvocation.java:221)
	at org.efs.openreports.interceptors.BreadcrumbsInterceptor.intercept(BreadcrumbsInterceptor.java:53)
	at com.opensymphony.xwork2.DefaultActionInvocation$2.doProfiling(DefaultActionInvocation.java:224)
	at com.opensymphony.xwork2.DefaultActionInvocation$2.doProfiling(DefaultActionInvocation.java:223)
	at com.opensymphony.xwork2.util.profiling.UtilTimerStack.profile(UtilTimerStack.java:455)
	at com.opensymphony.xwork2.DefaultActionInvocation.invoke(DefaultActionInvocation.java:221)
	at com.opensymphony.xwork2.interceptor.ParametersInterceptor.doIntercept(ParametersInterceptor.java:167)
	at com.opensymphony.xwork2.interceptor.MethodFilterInterceptor.intercept(MethodFilterInterceptor.java:86)
	at com.opensymphony.xwork2.DefaultActionInvocation$2.doProfiling(DefaultActionInvocation.java:224)
	at com.opensymphony.xwork2.DefaultActionInvocation$2.doProfiling(DefaultActionInvocation.java:223)
	at com.opensymphony.xwork2.util.profiling.UtilTimerStack.profile(UtilTimerStack.java:455)
	at com.opensymphony.xwork2.DefaultActionInvocation.invoke(DefaultActionInvocation.java:221)
	at com.opensymphony.xwork2.interceptor.StaticParametersInterceptor.intercept(StaticParametersInterceptor.java:105)
	at com.opensymphony.xwork2.DefaultActionInvocation$2.doProfiling(DefaultActionInvocation.java:224)
	at com.opensymphony.xwork2.DefaultActionInvocation$2.doProfiling(DefaultActionInvocation.java:223)
	at com.opensymphony.xwork2.util.profiling.UtilTimerStack.profile(UtilTimerStack.java:455)
	at com.opensymphony.xwork2.DefaultActionInvocation.invoke(DefaultActionInvocation.java:221)
	at org.apache.struts2.interceptor.FileUploadInterceptor.intercept(FileUploadInterceptor.java:207)
	at com.opensymphony.xwork2.DefaultActionInvocation$2.doProfiling(DefaultActionInvocation.java:224)
	at com.opensymphony.xwork2.DefaultActionInvocation$2.doProfiling(DefaultActionInvocation.java:223)
	at com.opensymphony.xwork2.util.profiling.UtilTimerStack.profile(UtilTimerStack.java:455)
	at com.opensymphony.xwork2.DefaultActionInvocation.invoke(DefaultActionInvocation.java:221)
	at org.apache.struts2.interceptor.ServletConfigInterceptor.intercept(ServletConfigInterceptor.java:170)
	at com.opensymphony.xwork2.DefaultActionInvocation$2.doProfiling(DefaultActionInvocation.java:224)
	at com.opensymphony.xwork2.DefaultActionInvocation$2.doProfiling(DefaultActionInvocation.java:223)
	at com.opensymphony.xwork2.util.profiling.UtilTimerStack.profile(UtilTimerStack.java:455)
	at com.opensymphony.xwork2.DefaultActionInvocation.invoke(DefaultActionInvocation.java:221)
	at org.apache.struts2.impl.StrutsActionProxy.execute(StrutsActionProxy.java:50)
	at com.opensymphony.xwork2.ActionChainResult.execute(ActionChainResult.java:229)
	at com.opensymphony.xwork2.DefaultActionInvocation.executeResult(DefaultActionInvocation.java:348)
	at com.opensymphony.xwork2.DefaultActionInvocation.invoke(DefaultActionInvocation.java:253)
	at org.efs.openreports.interceptors.SecurityInterceptor.intercept(SecurityInterceptor.java:58)
	at com.opensymphony.xwork2.DefaultActionInvocation$2.doProfiling(DefaultActionInvocation.java:224)
	at com.opensymphony.xwork2.DefaultActionInvocation$2.doProfiling(DefaultActionInvocation.java:223)
	at com.opensymphony.xwork2.util.profiling.UtilTimerStack.profile(UtilTimerStack.java:455)
	at com.opensymphony.xwork2.DefaultActionInvocation.invoke(DefaultActionInvocation.java:221)
	at org.efs.openreports.interceptors.BreadcrumbsInterceptor.intercept(BreadcrumbsInterceptor.java:53)
	at com.opensymphony.xwork2.DefaultActionInvocation$2.doProfiling(DefaultActionInvocation.java:224)
	at com.opensymphony.xwork2.DefaultActionInvocation$2.doProfiling(DefaultActionInvocation.java:223)
	at com.opensymphony.xwork2.util.profiling.UtilTimerStack.profile(UtilTimerStack.java:455)
	at com.opensymphony.xwork2.DefaultActionInvocation.invoke(DefaultActionInvocation.java:221)
	at com.opensymphony.xwork2.interceptor.ParametersInterceptor.doIntercept(ParametersInterceptor.java:167)
	at com.opensymphony.xwork2.interceptor.MethodFilterInterceptor.intercept(MethodFilterInterceptor.java:86)
	at com.opensymphony.xwork2.DefaultActionInvocation$2.doProfiling(DefaultActionInvocation.java:224)
	at com.opensymphony.xwork2.DefaultActionInvocation$2.doProfiling(DefaultActionInvocation.java:223)
	at com.opensymphony.xwork2.util.profiling.UtilTimerStack.profile(UtilTimerStack.java:455)
	at com.opensymphony.xwork2.DefaultActionInvocation.invoke(DefaultActionInvocation.java:221)
	at com.opensymphony.xwork2.interceptor.StaticParametersInterceptor.intercept(StaticParametersInterceptor.java:105)
	at com.opensymphony.xwork2.DefaultActionInvocation$2.doProfiling(DefaultActionInvocation.java:224)
	at com.opensymphony.xwork2.DefaultActionInvocation$2.doProfiling(DefaultActionInvocation.java:223)
	at com.opensymphony.xwork2.util.profiling.UtilTimerStack.profile(UtilTimerStack.java:455)
	at com.opensymphony.xwork2.DefaultActionInvocation.invoke(DefaultActionInvocation.java:221)
	at org.apache.struts2.interceptor.FileUploadInterceptor.intercept(FileUploadInterceptor.java:207)
	at com.opensymphony.xwork2.DefaultActionInvocation$2.doProfiling(DefaultActionInvocation.java:224)
	at com.opensymphony.xwork2.DefaultActionInvocation$2.doProfiling(DefaultActionInvocation.java:223)
	at com.opensymphony.xwork2.util.profiling.UtilTimerStack.profile(UtilTimerStack.java:455)
	at com.opensymphony.xwork2.DefaultActionInvocation.invoke(DefaultActionInvocation.java:221)
	at org.apache.struts2.interceptor.ServletConfigInterceptor.intercept(ServletConfigInterceptor.java:170)
	at com.opensymphony.xwork2.DefaultActionInvocation$2.doProfiling(DefaultActionInvocation.java:224)
	at com.opensymphony.xwork2.DefaultActionInvocation$2.doProfiling(DefaultActionInvocation.java:223)
	at com.opensymphony.xwork2.util.profiling.UtilTimerStack.profile(UtilTimerStack.java:455)
	at com.opensymphony.xwork2.DefaultActionInvocation.invoke(DefaultActionInvocation.java:221)
	at org.apache.struts2.impl.StrutsActionProxy.execute(StrutsActionProxy.java:50)
	at org.apache.struts2.dispatcher.Dispatcher.serviceAction(Dispatcher.java:504)
	at org.apache.struts2.dispatcher.FilterDispatcher.doFilter(FilterDispatcher.java:419)
	at org.apache.catalina.core.ApplicationFilterChain.internalDoFilter(ApplicationFilterChain.java:215)
	at org.apache.catalina.core.ApplicationFilterChain.doFilter(ApplicationFilterChain.java:188)
	at org.displaytag.filter.ResponseOverrideFilter.doFilter(ResponseOverrideFilter.java:125)
	at org.apache.catalina.core.ApplicationFilterChain.internalDoFilter(ApplicationFilterChain.java:215)
	at org.apache.catalina.core.ApplicationFilterChain.doFilter(ApplicationFilterChain.java:188)
	at org.apache.catalina.core.StandardWrapperValve.invoke(StandardWrapperValve.java:213)
	at org.apache.catalina.core.StandardContextValve.invoke(StandardContextValve.java:174)
	at org.apache.catalina.core.StandardHostValve.invoke(StandardHostValve.java:127)
	at org.apache.catalina.valves.ErrorReportValve.invoke(ErrorReportValve.java:117)
	at org.apache.catalina.core.StandardEngineValve.invoke(StandardEngineValve.java:108)
	at org.apache.catalina.connector.CoyoteAdapter.service(CoyoteAdapter.java:151)
	at org.apache.coyote.http11.Http11Processor.process(Http11Processor.java:874)
	at org.apache.coyote.http11.Http11BaseProtocol$Http11ConnectionHandler.processConnection(Http11BaseProtocol.java:665)
	at org.apache.tomcat.util.net.PoolTcpEndpoint.processSocket(PoolTcpEndpoint.java:528)
	at org.apache.tomcat.util.net.LeaderFollowerWorkerThread.runIt(LeaderFollowerWorkerThread.java:81)
	at org.apache.tomcat.util.threads.ThreadPool$ControlRunnable.run(ThreadPool.java:689)
	at java.lang.Thread.run(Thread.java:744)

Apr 29, 2014 2:35:08 PM org.apache.jk.common.MsgAjp processHeader
SEVERE: BAD packet signature 18245
Apr 29, 2014 2:35:08 PM org.apache.jk.common.ChannelSocket processConnection
SEVERE: Error, processing connection
java.lang.IndexOutOfBoundsException
	at java.io.BufferedInputStream.read(BufferedInputStream.java:338)
	at org.apache.jk.common.ChannelSocket.read(ChannelSocket.java:626)
	at org.apache.jk.common.ChannelSocket.receive(ChannelSocket.java:583)
	at org.apache.jk.common.ChannelSocket.processConnection(ChannelSocket.java:691)
	at org.apache.jk.common.ChannelSocket$SocketConnection.runIt(ChannelSocket.java:895)
	at org.apache.tomcat.util.threads.ThreadPool$ControlRunnable.run(ThreadPool.java:689)
	at java.lang.Thread.run(Thread.java:744)

